Unity Editor version:    2021.3.0f1 (6eacc8284459)
Branch:                  2021.3/staging
Build type:              Release
Batch mode:              YES
macOS version:           Version 12.4 (Build 21F79)
Darwin version:          21.5.0
Architecture:            x86_64
Running under Rosetta:   NO
Available memory:        8192 MB
Using pre-set license
Pro License: YES

COMMAND LINE ARGUMENTS:
/Volumes/Samsung SSD/Applications/2021.3.0f1/Unity.app/Contents/MacOS/Unity
-adb2
-batchMode
-noUpm
-name
AssetImportWorker0
-projectPath
/Volumes/Samsung SSD/Projects/Unity Games/GameJam2022
-logFile
Logs/AssetImportWorker0.log
-srvPort
52680
Successfully changed project path to: /Volumes/Samsung SSD/Projects/Unity Games/GameJam2022
/Volumes/Samsung SSD/Projects/Unity Games/GameJam2022
[UnityMemory] Configuration Parameters - Can be set up in boot.config
    "memorysetup-bucket-allocator-granularity=16"
    "memorysetup-bucket-allocator-bucket-count=8"
    "memorysetup-bucket-allocator-block-size=33554432"
    "memorysetup-bucket-allocator-block-count=8"
    "memorysetup-main-allocator-block-size=16777216"
    "memorysetup-thread-allocator-block-size=16777216"
    "memorysetup-gfx-main-allocator-block-size=16777216"
    "memorysetup-gfx-thread-allocator-block-size=16777216"
    "memorysetup-cache-allocator-block-size=4194304"
    "memorysetup-typetree-allocator-block-size=2097152"
    "memorysetup-profiler-bucket-allocator-granularity=16"
    "memorysetup-profiler-bucket-allocator-bucket-count=8"
    "memorysetup-profiler-bucket-allocator-block-size=33554432"
    "memorysetup-profiler-bucket-allocator-block-count=8"
    "memorysetup-profiler-allocator-block-size=16777216"
    "memorysetup-profiler-editor-allocator-block-size=1048576"
    "memorysetup-temp-allocator-size-main=16777216"
    "memorysetup-job-temp-allocator-block-size=2097152"
    "memorysetup-job-temp-allocator-block-size-background=1048576"
    "memorysetup-job-temp-allocator-reduction-small-platforms=262144"
    "memorysetup-temp-allocator-size-background-worker=32768"
    "memorysetup-temp-allocator-size-job-worker=262144"
    "memorysetup-temp-allocator-size-preload-manager=33554432"
    "memorysetup-temp-allocator-size-nav-mesh-worker=65536"
    "memorysetup-temp-allocator-size-audio-worker=65536"
    "memorysetup-temp-allocator-size-cloud-worker=32768"
    "memorysetup-temp-allocator-size-gi-baking-worker=262144"
    "memorysetup-temp-allocator-size-gfx=262144"
Refreshing native plugins compatible for Editor in 67.47 ms, found 2 plugins.
Preloading 0 native plugins for Editor in 0.00 ms.
Initialize engine version: 2021.3.0f1 (6eacc8284459)
[Subsystems] Discovering subsystems at path /Volumes/Samsung SSD/Applications/2021.3.0f1/Unity.app/Contents/Resources/UnitySubsystems
[Subsystems] Discovering subsystems at path /Volumes/Samsung SSD/Projects/Unity Games/GameJam2022/Assets
GfxDevice: creating device client; threaded=0; jobified=0
iMac preferred device: AMD Radeon Pro 560X (high power)
Metal devices available: 1
0: AMD Radeon Pro 560X (high power)
Using device AMD Radeon Pro 560X (high power)
Initializing Metal device caps: AMD Radeon Pro 560X
Initialize mono
Mono path[0] = '/Volumes/Samsung SSD/Applications/2021.3.0f1/Unity.app/Contents/Managed'
Mono path[1] = '/Volumes/Samsung SSD/Applications/2021.3.0f1/Unity.app/Contents/MonoBleedingEdge/lib/mono/unityjit-macos'
Mono config path = '/Volumes/Samsung SSD/Applications/2021.3.0f1/Unity.app/Contents/MonoBleedingEdge/etc'
Using monoOptions --debugger-agent=transport=dt_socket,embedding=1,server=y,suspend=n,address=127.0.0.1:56347
Begin MonoManager ReloadAssembly
Registering precompiled unity dll's ...
Register platform support module: /Volumes/Samsung SSD/Applications/2021.3.0f1/PlaybackEngines/WebGLSupport/UnityEditor.WebGL.Extensions.dll
Register platform support module: /Volumes/Samsung SSD/Applications/2021.3.0f1/Unity.app/Contents/PlaybackEngines/MacStandaloneSupport/UnityEditor.OSXStandalone.Extensions.dll
Register platform support module: /Volumes/Samsung SSD/Applications/2021.3.0f1/PlaybackEngines/WindowsStandaloneSupport/UnityEditor.WindowsStandalone.Extensions.dll
Registered in 0.004348 seconds.
Native extension for WindowsStandalone target not found
Native extension for OSXStandalone target not found
Native extension for WebGL target not found
Refreshing native plugins compatible for Editor in 48.39 ms, found 2 plugins.
Preloading 0 native plugins for Editor in 0.00 ms.
Mono: successfully reloaded assembly
- Completed reload, in  0.897 seconds
Domain Reload Profiling:
	ReloadAssembly (897ms)
		BeginReloadAssembly (193ms)
			ExecutionOrderSort (0ms)
			DisableScriptedObjects (0ms)
			BackupInstance (0ms)
			ReleaseScriptingObjects (0ms)
			CreateAndSetChildDomain (2ms)
		EndReloadAssembly (548ms)
			LoadAssemblies (197ms)
			RebuildTransferFunctionScriptingTraits (0ms)
			SetupTypeCache (146ms)
			ReleaseScriptCaches (0ms)
			RebuildScriptCaches (39ms)
			SetupLoadedEditorAssemblies (302ms)
				LogAssemblyErrors (0ms)
				InitializePlatformSupportModulesInManaged (9ms)
				SetLoadedEditorAssemblies (0ms)
				RefreshPlugins (48ms)
				BeforeProcessingInitializeOnLoad (1ms)
				ProcessInitializeOnLoadAttributes (187ms)
				ProcessInitializeOnLoadMethodAttributes (56ms)
				AfterProcessingInitializeOnLoad (0ms)
				EditorAssembliesLoaded (0ms)
			ExecutionOrderSort2 (0ms)
			AwakeInstancesAfterBackupRestoration (0ms)
Platform modules already initialized, skipping
Registering precompiled user dll's ...
Registered in 0.009617 seconds.
Begin MonoManager ReloadAssembly
Native extension for WindowsStandalone target not found
Native extension for OSXStandalone target not found
Native extension for WebGL target not found
Refreshing native plugins compatible for Editor in 43.50 ms, found 2 plugins.
Preloading 0 native plugins for Editor in 0.00 ms.
Mono: successfully reloaded assembly
- Completed reload, in  1.218 seconds
Domain Reload Profiling:
	ReloadAssembly (1218ms)
		BeginReloadAssembly (109ms)
			ExecutionOrderSort (0ms)
			DisableScriptedObjects (7ms)
			BackupInstance (0ms)
			ReleaseScriptingObjects (0ms)
			CreateAndSetChildDomain (24ms)
		EndReloadAssembly (963ms)
			LoadAssemblies (156ms)
			RebuildTransferFunctionScriptingTraits (0ms)
			SetupTypeCache (245ms)
			ReleaseScriptCaches (0ms)
			RebuildScriptCaches (67ms)
			SetupLoadedEditorAssemblies (434ms)
				LogAssemblyErrors (0ms)
				InitializePlatformSupportModulesInManaged (5ms)
				SetLoadedEditorAssemblies (0ms)
				RefreshPlugins (44ms)
				BeforeProcessingInitializeOnLoad (61ms)
				ProcessInitializeOnLoadAttributes (276ms)
				ProcessInitializeOnLoadMethodAttributes (47ms)
				AfterProcessingInitializeOnLoad (1ms)
				EditorAssembliesLoaded (0ms)
			ExecutionOrderSort2 (0ms)
			AwakeInstancesAfterBackupRestoration (4ms)
Platform modules already initialized, skipping
========================================================================
Worker process is ready to serve import requests
Launching external process: /Volumes/Samsung SSD/Applications/2021.3.0f1/Unity.app/Contents/Tools/UnityShaderCompiler
Launched and connected shader compiler UnityShaderCompiler after 0.06 seconds
Refreshing native plugins compatible for Editor in 0.48 ms, found 2 plugins.
Preloading 0 native plugins for Editor in 0.00 ms.
Unloading 2481 Unused Serialized files (Serialized files now loaded: 0)
Unloading 49 unused Assets / (271.3 KB). Loaded Objects now: 2939.
Memory consumption went from 210.7 MB to 210.5 MB.
Total: 3.461263 ms (FindLiveObjects: 0.234112 ms CreateObjectMapping: 0.129089 ms MarkObjects: 2.920902 ms  DeleteObjects: 0.176214 ms)

AssetImportParameters requested are different than current active one (requested -> active):
  custom:video-decoder-ogg-theora: a1e56fd34408186e4bbccfd4996cb3dc -> 
  custom:container-muxer-webm: aa71ff27fc2769a1b78a27578f13a17b -> 
  custom:container-demuxer-webm: 4f35f7cbe854078d1ac9338744f61a02 -> 
  custom:video-encoder-webm-vp8: eb34c28f22e8b96e1ab97ce403110664 -> 
  custom:framework-osx-AVFoundation: e770b220cccbd017edd2c1fefb359320 -> 
  custom:audio-encoder-webm-vorbis: bf7c407c2cedff20999df2af8eb42d56 -> 
  custom:container-demuxer-ogg: 62fdf1f143b41e24485cea50d1cbac27 -> 
  custom:video-decoder-webm-vp8: 9c59270c3fd7afecdb556c50c9e8de78 -> 
  custom:audio-decoder-ogg-vorbis: bf7c407c2cedff20999df2af8eb42d56 -> 
========================================================================
Received Import Request.
  Time since last request: 234636.787154 seconds.
  path: Assets/Sprites/Misc/StartBTN.png
  artifactKey: Guid(e5fcd525be637472ca91845c31113c08) Importer(815301076,1909f56bfc062723c751e8b465ee728b)
Start importing Assets/Sprites/Misc/StartBTN.png using Guid(e5fcd525be637472ca91845c31113c08) Importer(815301076,1909f56bfc062723c751e8b465ee728b)  -> (artifact id: 'a87247a772d5723f4d5f21773edbaf99') in 0.288587 seconds 
========================================================================
Received Prepare
Registering precompiled user dll's ...
Registered in 0.001908 seconds.
Begin MonoManager ReloadAssembly
Native extension for WindowsStandalone target not found
Native extension for OSXStandalone target not found
Native extension for WebGL target not found
Refreshing native plugins compatible for Editor in 0.60 ms, found 2 plugins.
Preloading 0 native plugins for Editor in 0.00 ms.
Mono: successfully reloaded assembly
- Completed reload, in  1.074 seconds
Domain Reload Profiling:
	ReloadAssembly (1075ms)
		BeginReloadAssembly (140ms)
			ExecutionOrderSort (0ms)
			DisableScriptedObjects (9ms)
			BackupInstance (0ms)
			ReleaseScriptingObjects (0ms)
			CreateAndSetChildDomain (52ms)
		EndReloadAssembly (821ms)
			LoadAssemblies (67ms)
			RebuildTransferFunctionScriptingTraits (0ms)
			SetupTypeCache (254ms)
			ReleaseScriptCaches (1ms)
			RebuildScriptCaches (58ms)
			SetupLoadedEditorAssemblies (378ms)
				LogAssemblyErrors (0ms)
				InitializePlatformSupportModulesInManaged (12ms)
				SetLoadedEditorAssemblies (1ms)
				RefreshPlugins (1ms)
				BeforeProcessingInitializeOnLoad (54ms)
				ProcessInitializeOnLoadAttributes (270ms)
				ProcessInitializeOnLoadMethodAttributes (40ms)
				AfterProcessingInitializeOnLoad (2ms)
				EditorAssembliesLoaded (0ms)
			ExecutionOrderSort2 (0ms)
			AwakeInstancesAfterBackupRestoration (7ms)
Platform modules already initialized, skipping
Refreshing native plugins compatible for Editor in 1.23 ms, found 2 plugins.
Preloading 0 native plugins for Editor in 0.00 ms.
Unloading 2463 Unused Serialized files (Serialized files now loaded: 0)
Unloading 24 unused Assets / (247.8 KB). Loaded Objects now: 2959.
Memory consumption went from 219.5 MB to 219.2 MB.
Total: 3.716800 ms (FindLiveObjects: 0.228876 ms CreateObjectMapping: 0.154800 ms MarkObjects: 3.146651 ms  DeleteObjects: 0.185563 ms)

AssetImportParameters requested are different than current active one (requested -> active):
  custom:video-decoder-ogg-theora: a1e56fd34408186e4bbccfd4996cb3dc -> 
  custom:container-muxer-webm: aa71ff27fc2769a1b78a27578f13a17b -> 
  custom:container-demuxer-webm: 4f35f7cbe854078d1ac9338744f61a02 -> 
  custom:video-encoder-webm-vp8: eb34c28f22e8b96e1ab97ce403110664 -> 
  custom:framework-osx-AVFoundation: e770b220cccbd017edd2c1fefb359320 -> 
  custom:audio-encoder-webm-vorbis: bf7c407c2cedff20999df2af8eb42d56 -> 
  custom:container-demuxer-ogg: 62fdf1f143b41e24485cea50d1cbac27 -> 
  custom:video-decoder-webm-vp8: 9c59270c3fd7afecdb556c50c9e8de78 -> 
  custom:audio-decoder-ogg-vorbis: bf7c407c2cedff20999df2af8eb42d56 -> 
========================================================================
Received Prepare
Registering precompiled user dll's ...
Registered in 0.001966 seconds.
Begin MonoManager ReloadAssembly
Native extension for WindowsStandalone target not found
Native extension for OSXStandalone target not found
Native extension for WebGL target not found
Refreshing native plugins compatible for Editor in 0.50 ms, found 2 plugins.
Preloading 0 native plugins for Editor in 0.00 ms.
Mono: successfully reloaded assembly
- Completed reload, in  1.111 seconds
Domain Reload Profiling:
	ReloadAssembly (1112ms)
		BeginReloadAssembly (199ms)
			ExecutionOrderSort (0ms)
			DisableScriptedObjects (15ms)
			BackupInstance (0ms)
			ReleaseScriptingObjects (0ms)
			CreateAndSetChildDomain (89ms)
		EndReloadAssembly (802ms)
			LoadAssemblies (77ms)
			RebuildTransferFunctionScriptingTraits (1ms)
			SetupTypeCache (253ms)
			ReleaseScriptCaches (1ms)
			RebuildScriptCaches (56ms)
			SetupLoadedEditorAssemblies (365ms)
				LogAssemblyErrors (0ms)
				InitializePlatformSupportModulesInManaged (12ms)
				SetLoadedEditorAssemblies (1ms)
				RefreshPlugins (1ms)
				BeforeProcessingInitializeOnLoad (52ms)
				ProcessInitializeOnLoadAttributes (260ms)
				ProcessInitializeOnLoadMethodAttributes (38ms)
				AfterProcessingInitializeOnLoad (1ms)
				EditorAssembliesLoaded (0ms)
			ExecutionOrderSort2 (0ms)
			AwakeInstancesAfterBackupRestoration (7ms)
Platform modules already initialized, skipping
Refreshing native plugins compatible for Editor in 1.20 ms, found 2 plugins.
Preloading 0 native plugins for Editor in 0.00 ms.
Unloading 2463 Unused Serialized files (Serialized files now loaded: 0)
Unloading 24 unused Assets / (247.7 KB). Loaded Objects now: 2974.
Memory consumption went from 219.7 MB to 219.4 MB.
Total: 3.543790 ms (FindLiveObjects: 0.218768 ms CreateObjectMapping: 0.119409 ms MarkObjects: 3.045052 ms  DeleteObjects: 0.159646 ms)

AssetImportParameters requested are different than current active one (requested -> active):
  custom:video-decoder-ogg-theora: a1e56fd34408186e4bbccfd4996cb3dc -> 
  custom:container-muxer-webm: aa71ff27fc2769a1b78a27578f13a17b -> 
  custom:container-demuxer-webm: 4f35f7cbe854078d1ac9338744f61a02 -> 
  custom:video-encoder-webm-vp8: eb34c28f22e8b96e1ab97ce403110664 -> 
  custom:framework-osx-AVFoundation: e770b220cccbd017edd2c1fefb359320 -> 
  custom:audio-encoder-webm-vorbis: bf7c407c2cedff20999df2af8eb42d56 -> 
  custom:container-demuxer-ogg: 62fdf1f143b41e24485cea50d1cbac27 -> 
  custom:video-decoder-webm-vp8: 9c59270c3fd7afecdb556c50c9e8de78 -> 
  custom:audio-decoder-ogg-vorbis: bf7c407c2cedff20999df2af8eb42d56 -> 
========================================================================
Received Prepare
Registering precompiled user dll's ...
Registered in 0.001744 seconds.
Begin MonoManager ReloadAssembly
Native extension for WindowsStandalone target not found
Native extension for OSXStandalone target not found
Native extension for WebGL target not found
Refreshing native plugins compatible for Editor in 0.50 ms, found 2 plugins.
Preloading 0 native plugins for Editor in 0.00 ms.
Mono: successfully reloaded assembly
- Completed reload, in  1.002 seconds
Domain Reload Profiling:
	ReloadAssembly (1003ms)
		BeginReloadAssembly (114ms)
			ExecutionOrderSort (0ms)
			DisableScriptedObjects (7ms)
			BackupInstance (0ms)
			ReleaseScriptingObjects (0ms)
			CreateAndSetChildDomain (40ms)
		EndReloadAssembly (783ms)
			LoadAssemblies (59ms)
			RebuildTransferFunctionScriptingTraits (0ms)
			SetupTypeCache (231ms)
			ReleaseScriptCaches (1ms)
			RebuildScriptCaches (57ms)
			SetupLoadedEditorAssemblies (369ms)
				LogAssemblyErrors (0ms)
				InitializePlatformSupportModulesInManaged (10ms)
				SetLoadedEditorAssemblies (1ms)
				RefreshPlugins (1ms)
				BeforeProcessingInitializeOnLoad (51ms)
				ProcessInitializeOnLoadAttributes (265ms)
				ProcessInitializeOnLoadMethodAttributes (41ms)
				AfterProcessingInitializeOnLoad (1ms)
				EditorAssembliesLoaded (0ms)
			ExecutionOrderSort2 (0ms)
			AwakeInstancesAfterBackupRestoration (8ms)
Platform modules already initialized, skipping
Refreshing native plugins compatible for Editor in 1.24 ms, found 2 plugins.
Preloading 0 native plugins for Editor in 0.00 ms.
Unloading 2463 Unused Serialized files (Serialized files now loaded: 0)
Unloading 24 unused Assets / (248.1 KB). Loaded Objects now: 2989.
Memory consumption went from 219.9 MB to 219.6 MB.
Total: 3.376038 ms (FindLiveObjects: 0.212743 ms CreateObjectMapping: 0.131544 ms MarkObjects: 2.876075 ms  DeleteObjects: 0.154540 ms)

AssetImportParameters requested are different than current active one (requested -> active):
  custom:video-decoder-ogg-theora: a1e56fd34408186e4bbccfd4996cb3dc -> 
  custom:container-muxer-webm: aa71ff27fc2769a1b78a27578f13a17b -> 
  custom:container-demuxer-webm: 4f35f7cbe854078d1ac9338744f61a02 -> 
  custom:video-encoder-webm-vp8: eb34c28f22e8b96e1ab97ce403110664 -> 
  custom:framework-osx-AVFoundation: e770b220cccbd017edd2c1fefb359320 -> 
  custom:audio-encoder-webm-vorbis: bf7c407c2cedff20999df2af8eb42d56 -> 
  custom:container-demuxer-ogg: 62fdf1f143b41e24485cea50d1cbac27 -> 
  custom:video-decoder-webm-vp8: 9c59270c3fd7afecdb556c50c9e8de78 -> 
  custom:audio-decoder-ogg-vorbis: bf7c407c2cedff20999df2af8eb42d56 -> 
========================================================================
Received Prepare
Registering precompiled user dll's ...
Registered in 0.001785 seconds.
Begin MonoManager ReloadAssembly
Native extension for WindowsStandalone target not found
Native extension for OSXStandalone target not found
Native extension for WebGL target not found
Refreshing native plugins compatible for Editor in 0.54 ms, found 2 plugins.
Preloading 0 native plugins for Editor in 0.00 ms.
Mono: successfully reloaded assembly
- Completed reload, in  1.019 seconds
Domain Reload Profiling:
	ReloadAssembly (1020ms)
		BeginReloadAssembly (131ms)
			ExecutionOrderSort (0ms)
			DisableScriptedObjects (9ms)
			BackupInstance (0ms)
			ReleaseScriptingObjects (0ms)
			CreateAndSetChildDomain (49ms)
		EndReloadAssembly (783ms)
			LoadAssemblies (62ms)
			RebuildTransferFunctionScriptingTraits (0ms)
			SetupTypeCache (236ms)
			ReleaseScriptCaches (1ms)
			RebuildScriptCaches (57ms)
			SetupLoadedEditorAssemblies (365ms)
				LogAssemblyErrors (0ms)
				InitializePlatformSupportModulesInManaged (17ms)
				SetLoadedEditorAssemblies (1ms)
				RefreshPlugins (1ms)
				BeforeProcessingInitializeOnLoad (52ms)
				ProcessInitializeOnLoadAttributes (257ms)
				ProcessInitializeOnLoadMethodAttributes (37ms)
				AfterProcessingInitializeOnLoad (1ms)
				EditorAssembliesLoaded (0ms)
			ExecutionOrderSort2 (0ms)
			AwakeInstancesAfterBackupRestoration (7ms)
Platform modules already initialized, skipping
Refreshing native plugins compatible for Editor in 1.24 ms, found 2 plugins.
Preloading 0 native plugins for Editor in 0.00 ms.
Unloading 2463 Unused Serialized files (Serialized files now loaded: 0)
Unloading 24 unused Assets / (247.7 KB). Loaded Objects now: 3004.
Memory consumption went from 220.1 MB to 219.8 MB.
Total: 3.631463 ms (FindLiveObjects: 0.361224 ms CreateObjectMapping: 0.142386 ms MarkObjects: 2.973591 ms  DeleteObjects: 0.153382 ms)

AssetImportParameters requested are different than current active one (requested -> active):
  custom:video-decoder-ogg-theora: a1e56fd34408186e4bbccfd4996cb3dc -> 
  custom:container-muxer-webm: aa71ff27fc2769a1b78a27578f13a17b -> 
  custom:container-demuxer-webm: 4f35f7cbe854078d1ac9338744f61a02 -> 
  custom:video-encoder-webm-vp8: eb34c28f22e8b96e1ab97ce403110664 -> 
  custom:framework-osx-AVFoundation: e770b220cccbd017edd2c1fefb359320 -> 
  custom:audio-encoder-webm-vorbis: bf7c407c2cedff20999df2af8eb42d56 -> 
  custom:container-demuxer-ogg: 62fdf1f143b41e24485cea50d1cbac27 -> 
  custom:video-decoder-webm-vp8: 9c59270c3fd7afecdb556c50c9e8de78 -> 
  custom:audio-decoder-ogg-vorbis: bf7c407c2cedff20999df2af8eb42d56 -> 
========================================================================
Received Prepare
Registering precompiled user dll's ...
Registered in 0.001753 seconds.
Begin MonoManager ReloadAssembly
Native extension for WindowsStandalone target not found
Native extension for OSXStandalone target not found
Native extension for WebGL target not found
Refreshing native plugins compatible for Editor in 0.51 ms, found 2 plugins.
Preloading 0 native plugins for Editor in 0.00 ms.
Mono: successfully reloaded assembly
- Completed reload, in  0.999 seconds
Domain Reload Profiling:
	ReloadAssembly (1000ms)
		BeginReloadAssembly (114ms)
			ExecutionOrderSort (0ms)
			DisableScriptedObjects (7ms)
			BackupInstance (0ms)
			ReleaseScriptingObjects (0ms)
			CreateAndSetChildDomain (39ms)
		EndReloadAssembly (781ms)
			LoadAssemblies (58ms)
			RebuildTransferFunctionScriptingTraits (0ms)
			SetupTypeCache (228ms)
			ReleaseScriptCaches (1ms)
			RebuildScriptCaches (58ms)
			SetupLoadedEditorAssemblies (370ms)
				LogAssemblyErrors (0ms)
				InitializePlatformSupportModulesInManaged (11ms)
				SetLoadedEditorAssemblies (1ms)
				RefreshPlugins (1ms)
				BeforeProcessingInitializeOnLoad (51ms)
				ProcessInitializeOnLoadAttributes (265ms)
				ProcessInitializeOnLoadMethodAttributes (40ms)
				AfterProcessingInitializeOnLoad (1ms)
				EditorAssembliesLoaded (0ms)
			ExecutionOrderSort2 (0ms)
			AwakeInstancesAfterBackupRestoration (7ms)
Platform modules already initialized, skipping
Refreshing native plugins compatible for Editor in 1.13 ms, found 2 plugins.
Preloading 0 native plugins for Editor in 0.00 ms.
Unloading 2463 Unused Serialized files (Serialized files now loaded: 0)
Unloading 24 unused Assets / (247.6 KB). Loaded Objects now: 3019.
Memory consumption went from 220.2 MB to 220.0 MB.
Total: 3.664385 ms (FindLiveObjects: 0.210906 ms CreateObjectMapping: 0.168726 ms MarkObjects: 3.104452 ms  DeleteObjects: 0.179387 ms)

AssetImportParameters requested are different than current active one (requested -> active):
  custom:video-decoder-ogg-theora: a1e56fd34408186e4bbccfd4996cb3dc -> 
  custom:container-muxer-webm: aa71ff27fc2769a1b78a27578f13a17b -> 
  custom:container-demuxer-webm: 4f35f7cbe854078d1ac9338744f61a02 -> 
  custom:video-encoder-webm-vp8: eb34c28f22e8b96e1ab97ce403110664 -> 
  custom:framework-osx-AVFoundation: e770b220cccbd017edd2c1fefb359320 -> 
  custom:audio-encoder-webm-vorbis: bf7c407c2cedff20999df2af8eb42d56 -> 
  custom:container-demuxer-ogg: 62fdf1f143b41e24485cea50d1cbac27 -> 
  custom:video-decoder-webm-vp8: 9c59270c3fd7afecdb556c50c9e8de78 -> 
  custom:audio-decoder-ogg-vorbis: bf7c407c2cedff20999df2af8eb42d56 -> 
========================================================================
Received Prepare
Registering precompiled user dll's ...
Registered in 0.001734 seconds.
Begin MonoManager ReloadAssembly
Native extension for WindowsStandalone target not found
Native extension for OSXStandalone target not found
Native extension for WebGL target not found
Refreshing native plugins compatible for Editor in 0.55 ms, found 2 plugins.
Preloading 0 native plugins for Editor in 0.00 ms.
Mono: successfully reloaded assembly
- Completed reload, in  1.114 seconds
Domain Reload Profiling:
	ReloadAssembly (1115ms)
		BeginReloadAssembly (150ms)
			ExecutionOrderSort (0ms)
			DisableScriptedObjects (10ms)
			BackupInstance (0ms)
			ReleaseScriptingObjects (0ms)
			CreateAndSetChildDomain (60ms)
		EndReloadAssembly (846ms)
			LoadAssemblies (71ms)
			RebuildTransferFunctionScriptingTraits (0ms)
			SetupTypeCache (261ms)
			ReleaseScriptCaches (1ms)
			RebuildScriptCaches (63ms)
			SetupLoadedEditorAssemblies (387ms)
				LogAssemblyErrors (0ms)
				InitializePlatformSupportModulesInManaged (12ms)
				SetLoadedEditorAssemblies (1ms)
				RefreshPlugins (1ms)
				BeforeProcessingInitializeOnLoad (56ms)
				ProcessInitializeOnLoadAttributes (276ms)
				ProcessInitializeOnLoadMethodAttributes (41ms)
				AfterProcessingInitializeOnLoad (1ms)
				EditorAssembliesLoaded (0ms)
			ExecutionOrderSort2 (0ms)
			AwakeInstancesAfterBackupRestoration (7ms)
Platform modules already initialized, skipping
Refreshing native plugins compatible for Editor in 1.17 ms, found 2 plugins.
Preloading 0 native plugins for Editor in 0.00 ms.
Unloading 2463 Unused Serialized files (Serialized files now loaded: 0)
Unloading 24 unused Assets / (247.9 KB). Loaded Objects now: 3034.
Memory consumption went from 220.4 MB to 220.2 MB.
Total: 3.571157 ms (FindLiveObjects: 0.221375 ms CreateObjectMapping: 0.136957 ms MarkObjects: 3.027912 ms  DeleteObjects: 0.183807 ms)

AssetImportParameters requested are different than current active one (requested -> active):
  custom:video-decoder-ogg-theora: a1e56fd34408186e4bbccfd4996cb3dc -> 
  custom:container-muxer-webm: aa71ff27fc2769a1b78a27578f13a17b -> 
  custom:container-demuxer-webm: 4f35f7cbe854078d1ac9338744f61a02 -> 
  custom:video-encoder-webm-vp8: eb34c28f22e8b96e1ab97ce403110664 -> 
  custom:framework-osx-AVFoundation: e770b220cccbd017edd2c1fefb359320 -> 
  custom:audio-encoder-webm-vorbis: bf7c407c2cedff20999df2af8eb42d56 -> 
  custom:container-demuxer-ogg: 62fdf1f143b41e24485cea50d1cbac27 -> 
  custom:video-decoder-webm-vp8: 9c59270c3fd7afecdb556c50c9e8de78 -> 
  custom:audio-decoder-ogg-vorbis: bf7c407c2cedff20999df2af8eb42d56 -> 
========================================================================
Received Prepare
Refreshing native plugins compatible for Editor in 10.91 ms, found 2 plugins.
Preloading 0 native plugins for Editor in 0.00 ms.
Unloading 24 Unused Serialized files (Serialized files now loaded: 0)
Unloading 24 unused Assets / (247.9 KB). Loaded Objects now: 3034.
Memory consumption went from 171.9 MB to 171.6 MB.
Total: 11.511782 ms (FindLiveObjects: 0.724379 ms CreateObjectMapping: 0.161792 ms MarkObjects: 10.392536 ms  DeleteObjects: 0.232228 ms)

AssetImportParameters requested are different than current active one (requested -> active):
  custom:video-decoder-ogg-theora: a1e56fd34408186e4bbccfd4996cb3dc -> 
  custom:container-muxer-webm: aa71ff27fc2769a1b78a27578f13a17b -> 
  custom:container-demuxer-webm: 4f35f7cbe854078d1ac9338744f61a02 -> 
  custom:video-encoder-webm-vp8: eb34c28f22e8b96e1ab97ce403110664 -> 
  custom:framework-osx-AVFoundation: e770b220cccbd017edd2c1fefb359320 -> 
  custom:audio-encoder-webm-vorbis: bf7c407c2cedff20999df2af8eb42d56 -> 
  custom:container-demuxer-ogg: 62fdf1f143b41e24485cea50d1cbac27 -> 
  custom:video-decoder-webm-vp8: 9c59270c3fd7afecdb556c50c9e8de78 -> 
  custom:audio-decoder-ogg-vorbis: bf7c407c2cedff20999df2af8eb42d56 -> 
========================================================================
Received Prepare
Refreshing native plugins compatible for Editor in 2.82 ms, found 2 plugins.
Preloading 0 native plugins for Editor in 0.00 ms.
Unloading 24 Unused Serialized files (Serialized files now loaded: 0)
Unloading 24 unused Assets / (248.1 KB). Loaded Objects now: 3034.
Memory consumption went from 171.9 MB to 171.6 MB.
Total: 22.461271 ms (FindLiveObjects: 1.118522 ms CreateObjectMapping: 0.143322 ms MarkObjects: 19.624259 ms  DeleteObjects: 1.573493 ms)

AssetImportParameters requested are different than current active one (requested -> active):
  custom:video-decoder-ogg-theora: a1e56fd34408186e4bbccfd4996cb3dc -> 
  custom:container-muxer-webm: aa71ff27fc2769a1b78a27578f13a17b -> 
  custom:container-demuxer-webm: 4f35f7cbe854078d1ac9338744f61a02 -> 
  custom:video-encoder-webm-vp8: eb34c28f22e8b96e1ab97ce403110664 -> 
  custom:framework-osx-AVFoundation: e770b220cccbd017edd2c1fefb359320 -> 
  custom:audio-encoder-webm-vorbis: bf7c407c2cedff20999df2af8eb42d56 -> 
  custom:container-demuxer-ogg: 62fdf1f143b41e24485cea50d1cbac27 -> 
  custom:video-decoder-webm-vp8: 9c59270c3fd7afecdb556c50c9e8de78 -> 
  custom:audio-decoder-ogg-vorbis: bf7c407c2cedff20999df2af8eb42d56 -> 
========================================================================
Received Import Request.
  Time since last request: 1139.102294 seconds.
  path: Assets/Audio/Sounds/NUM_Num_num_Test.mp3
  artifactKey: Guid(eee37497f34b54192b99605b73356f42) Importer(815301076,1909f56bfc062723c751e8b465ee728b)
Start importing Assets/Audio/Sounds/NUM_Num_num_Test.mp3 using Guid(eee37497f34b54192b99605b73356f42) Importer(815301076,1909f56bfc062723c751e8b465ee728b)  -> (artifact id: 'ef832d8cab105cb4997d2f618371fc4f') in 0.360882 seconds 
========================================================================
Received Import Request.
  Time since last request: 90.307361 seconds.
  path: Assets/Sprites/Environment/Props/shelfFrontCap-bloody.png
  artifactKey: Guid(3680902eb4d384c85ad2a8e2cde33fbd) Importer(815301076,1909f56bfc062723c751e8b465ee728b)
Start importing Assets/Sprites/Environment/Props/shelfFrontCap-bloody.png using Guid(3680902eb4d384c85ad2a8e2cde33fbd) Importer(815301076,1909f56bfc062723c751e8b465ee728b)  -> (artifact id: 'b17221ae6a2a70d58592c8372b58ee92') in 0.059766 seconds 
========================================================================
Received Import Request.
  Time since last request: 0.006738 seconds.
  path: Assets/Animations/Eatable0/Death 0.anim
  artifactKey: Guid(8630431ff04f64593abbeef421d81960) Importer(815301076,1909f56bfc062723c751e8b465ee728b)
Start importing Assets/Animations/Eatable0/Death 0.anim using Guid(8630431ff04f64593abbeef421d81960) Importer(815301076,1909f56bfc062723c751e8b465ee728b)  -> (artifact id: '20f25157015d78a1c5803beb25cb9be7') in 0.164736 seconds 
========================================================================
Received Import Request.
  Time since last request: 0.000127 seconds.
  path: Assets/Sprites/Misc/blood-001.png
  artifactKey: Guid(7899eb44244cf4af6a8c8084608dc8b2) Importer(815301076,1909f56bfc062723c751e8b465ee728b)
Start importing Assets/Sprites/Misc/blood-001.png using Guid(7899eb44244cf4af6a8c8084608dc8b2) Importer(815301076,1909f56bfc062723c751e8b465ee728b)  -> (artifact id: 'cc17b1508c2c27ff2a8ef98475f4ef17') in 0.010066 seconds 
========================================================================
Received Import Request.
  Time since last request: 0.006373 seconds.
  path: Assets/TextMesh Pro/Shaders/TMPro_Surface.cginc
  artifactKey: Guid(d930090c0cd643c7b55f19a38538c162) Importer(815301076,1909f56bfc062723c751e8b465ee728b)
Start importing Assets/TextMesh Pro/Shaders/TMPro_Surface.cginc using Guid(d930090c0cd643c7b55f19a38538c162) Importer(815301076,1909f56bfc062723c751e8b465ee728b)  -> (artifact id: '0b707fb793fd60a56581099cf81a197e') in 0.096397 seconds 
========================================================================
Received Import Request.
  Time since last request: 0.004594 seconds.
  path: Assets/TextMesh Pro/Shaders
  artifactKey: Guid(e9f693669af91aa45ad615fc681ed29f) Importer(815301076,1909f56bfc062723c751e8b465ee728b)
Start importing Assets/TextMesh Pro/Shaders using Guid(e9f693669af91aa45ad615fc681ed29f) Importer(815301076,1909f56bfc062723c751e8b465ee728b)  -> (artifact id: '16852098a277b7ddedd49287b21bfbc7') in 0.000998 seconds 
========================================================================
Received Import Request.
  Time since last request: 0.002985 seconds.
  path: Assets/Scripts/Runtime/Managers/BloodManager.cs
  artifactKey: Guid(e50e0ef5e593f446faede8a5329c681a) Importer(815301076,1909f56bfc062723c751e8b465ee728b)
Start importing Assets/Scripts/Runtime/Managers/BloodManager.cs using Guid(e50e0ef5e593f446faede8a5329c681a) Importer(815301076,1909f56bfc062723c751e8b465ee728b)  -> (artifact id: 'f6dccceceba4ea6cbf3aee736ffc1f69') in 0.113921 seconds 
========================================================================
Received Import Request.
  Time since last request: 0.005088 seconds.
  path: Assets/Sprites/Environment/Props/shelfSection-bloody.png
  artifactKey: Guid(80cd1778bef4d460b9c28605c870c73f) Importer(815301076,1909f56bfc062723c751e8b465ee728b)
Start importing Assets/Sprites/Environment/Props/shelfSection-bloody.png using Guid(80cd1778bef4d460b9c28605c870c73f) Importer(815301076,1909f56bfc062723c751e8b465ee728b)  -> (artifact id: 'd5ec83742905febc56d8a7e8826e206d') in 0.012934 seconds 
========================================================================
Received Import Request.
  Time since last request: 0.008724 seconds.
  path: Assets/Animations/UI/TitleSlideshow.anim
  artifactKey: Guid(1ccddad1e0e1e40098794dd673dc2531) Importer(815301076,1909f56bfc062723c751e8b465ee728b)
Start importing Assets/Animations/UI/TitleSlideshow.anim using Guid(1ccddad1e0e1e40098794dd673dc2531) Importer(815301076,1909f56bfc062723c751e8b465ee728b)  -> (artifact id: '3c96d637ad8b821d5450f75070590382') in 0.065024 seconds 
========================================================================
Received Import Request.
  Time since last request: 0.004675 seconds.
  path: Assets/Sprites/eatables.psd
  artifactKey: Guid(99379dc50901e4414a56df3c7cc3b2a8) Importer(815301076,1909f56bfc062723c751e8b465ee728b)
Start importing Assets/Sprites/eatables.psd using Guid(99379dc50901e4414a56df3c7cc3b2a8) Importer(815301076,1909f56bfc062723c751e8b465ee728b)  -> (artifact id: '3287d1cde6f55ca3b9c12d77f6795ce5') in 0.134318 seconds 
========================================================================
Received Import Request.
  Time since last request: 0.001904 seconds.
  path: Assets/Sprites/Environment/Props/tableChairs-clean.png
  artifactKey: Guid(d80ac141996234d20acd259c178d3564) Importer(815301076,1909f56bfc062723c751e8b465ee728b)
Start importing Assets/Sprites/Environment/Props/tableChairs-clean.png using Guid(d80ac141996234d20acd259c178d3564) Importer(815301076,1909f56bfc062723c751e8b465ee728b)  -> (artifact id: '9273c254e0902707b6d46b2979ea4a5c') in 0.013850 seconds 
========================================================================
Received Import Request.
  Time since last request: 0.006511 seconds.
  path: Assets/Prefabs/Shelf-Short.prefab
  artifactKey: Guid(6cef2b34d912747a190ddd4c286258cf) Importer(815301076,1909f56bfc062723c751e8b465ee728b)
Start importing Assets/Prefabs/Shelf-Short.prefab using Guid(6cef2b34d912747a190ddd4c286258cf) Importer(815301076,1909f56bfc062723c751e8b465ee728b)  -> (artifact id: 'f5c9e14514501b40529d08d02f4c1652') in 0.155657 seconds 
========================================================================
Received Import Request.
  Time since last request: 0.001109 seconds.
  path: Assets/TextMesh Pro/Resources/LineBreaking Following Characters.txt
  artifactKey: Guid(fade42e8bc714b018fac513c043d323b) Importer(815301076,1909f56bfc062723c751e8b465ee728b)
Start importing Assets/TextMesh Pro/Resources/LineBreaking Following Characters.txt using Guid(fade42e8bc714b018fac513c043d323b) Importer(815301076,1909f56bfc062723c751e8b465ee728b)  -> (artifact id: 'e7f67ab3dc26da4e8ae25e3f4e491d00') in 2.171973 seconds 
========================================================================
Received Import Request.
  Time since last request: 0.000069 seconds.
  path: Assets/TextMesh Pro/Fonts
  artifactKey: Guid(6ab70aee4d56447429c680537fbf93ed) Importer(815301076,1909f56bfc062723c751e8b465ee728b)
Start importing Assets/TextMesh Pro/Fonts using Guid(6ab70aee4d56447429c680537fbf93ed) Importer(815301076,1909f56bfc062723c751e8b465ee728b)  -> (artifact id: '7c35bbd85dc86dd2ef332d439fd9c360') in 0.000683 seconds 
========================================================================
Received Import Request.
  Time since last request: 0.000841 seconds.
  path: Assets/Scripts/Runtime/Managers/GameManager.cs
  artifactKey: Guid(568532520604842d0b430251832b7968) Importer(815301076,1909f56bfc062723c751e8b465ee728b)
Start importing Assets/Scripts/Runtime/Managers/GameManager.cs using Guid(568532520604842d0b430251832b7968) Importer(815301076,1909f56bfc062723c751e8b465ee728b)  -> (artifact id: 'c47fe51d6ea44e81e77f116a111c21b0') in 0.001497 seconds 
========================================================================
Received Import Request.
  Time since last request: 0.006199 seconds.
  path: Assets/Sprites/eatable5.png
  artifactKey: Guid(8153b1b9e07ae4b6d85577c7bc08bfcc) Importer(815301076,1909f56bfc062723c751e8b465ee728b)
Start importing Assets/Sprites/eatable5.png using Guid(8153b1b9e07ae4b6d85577c7bc08bfcc) Importer(815301076,1909f56bfc062723c751e8b465ee728b)  -> (artifact id: 'aed404c6f7a94bdf397325af3aac949d') in 0.009306 seconds 
========================================================================
Received Import Request.
  Time since last request: 0.002579 seconds.
  path: Assets/TextMesh Pro
  artifactKey: Guid(f54d1bd14bd3ca042bd867b519fee8cc) Importer(815301076,1909f56bfc062723c751e8b465ee728b)
Start importing Assets/TextMesh Pro using Guid(f54d1bd14bd3ca042bd867b519fee8cc) Importer(815301076,1909f56bfc062723c751e8b465ee728b)  -> (artifact id: 'f5648c5ef36b7beab651a001a8d08867') in 0.000754 seconds 
========================================================================
Received Import Request.
  Time since last request: 0.000711 seconds.
  path: Assets/Audio/MainAudioMixer.mixer
  artifactKey: Guid(abcab7e94d1d745b6b41904b03cbc3f0) Importer(815301076,1909f56bfc062723c751e8b465ee728b)
Start importing Assets/Audio/MainAudioMixer.mixer using Guid(abcab7e94d1d745b6b41904b03cbc3f0) Importer(815301076,1909f56bfc062723c751e8b465ee728b)  -> (artifact id: '3c0f4a5a419137d03e72ad1dd5527f94') in 0.080773 seconds 
========================================================================
Received Import Request.
  Time since last request: 0.014882 seconds.
  path: Assets/Sprites/player/playerZ-004.png
  artifactKey: Guid(ba900c9425b88452ab8fd52c2e6f1498) Importer(815301076,1909f56bfc062723c751e8b465ee728b)
Start importing Assets/Sprites/player/playerZ-004.png using Guid(ba900c9425b88452ab8fd52c2e6f1498) Importer(815301076,1909f56bfc062723c751e8b465ee728b)  -> (artifact id: 'a2ad81d8615c4203096b8a06b052f7bc') in 0.012864 seconds 
========================================================================
Received Import Request.
  Time since last request: 0.001387 seconds.
  path: Assets/Sprites/Environment/Props/shelfEndCap-clean.png
  artifactKey: Guid(e111e9798898d4dd9bf6754f83515f98) Importer(815301076,1909f56bfc062723c751e8b465ee728b)
Start importing Assets/Sprites/Environment/Props/shelfEndCap-clean.png using Guid(e111e9798898d4dd9bf6754f83515f98) Importer(815301076,1909f56bfc062723c751e8b465ee728b)  -> (artifact id: '4186f419a7753e66fd6465f82b1b4f1a') in 0.014458 seconds 
========================================================================
Received Import Request.
  Time since last request: 0.005448 seconds.
  path: Assets/Sprites/player/playerZ-005.png
  artifactKey: Guid(93bf3ee73f2ce4724a2111f0a13650fc) Importer(815301076,1909f56bfc062723c751e8b465ee728b)
Start importing Assets/Sprites/player/playerZ-005.png using Guid(93bf3ee73f2ce4724a2111f0a13650fc) Importer(815301076,1909f56bfc062723c751e8b465ee728b)  -> (artifact id: '03d0301dba80ae65cfa36c7163bd1873') in 0.013243 seconds 
========================================================================
Received Import Request.
  Time since last request: 0.005740 seconds.
  path: Assets/Sprites/Misc/804Title.png
  artifactKey: Guid(5dd46d746e1da498c8d399f6e50a2bd9) Importer(815301076,1909f56bfc062723c751e8b465ee728b)
Start importing Assets/Sprites/Misc/804Title.png using Guid(5dd46d746e1da498c8d399f6e50a2bd9) Importer(815301076,1909f56bfc062723c751e8b465ee728b)  -> (artifact id: '9da282c3bf9d7db841a1c4a6056f9abc') in 0.197419 seconds 
========================================================================
Received Import Request.
  Time since last request: 0.004146 seconds.
  path: Assets/TextMesh Pro/Shaders/TMP_Bitmap-Custom-Atlas.shader
  artifactKey: Guid(48bb5f55d8670e349b6e614913f9d910) Importer(815301076,1909f56bfc062723c751e8b465ee728b)
Start importing Assets/TextMesh Pro/Shaders/TMP_Bitmap-Custom-Atlas.shader using Guid(48bb5f55d8670e349b6e614913f9d910) Importer(815301076,1909f56bfc062723c751e8b465ee728b)  -> (artifact id: 'f1259d5b4d8c643b2736959e6ee6fdd5') in 0.085646 seconds 
========================================================================
Received Import Request.
  Time since last request: 0.008450 seconds.
  path: Assets/TextMesh Pro/Resources/Fonts & Materials/LiberationSans SDF.asset
  artifactKey: Guid(8f586378b4e144a9851e7b34d9b748ee) Importer(815301076,1909f56bfc062723c751e8b465ee728b)
Start importing Assets/TextMesh Pro/Resources/Fonts & Materials/LiberationSans SDF.asset using Guid(8f586378b4e144a9851e7b34d9b748ee) Importer(815301076,1909f56bfc062723c751e8b465ee728b)  -> (artifact id: 'e64b7724f5dae72e8689174805e44545') in 1.115308 seconds 
========================================================================
Received Import Request.
  Time since last request: 0.004663 seconds.
  path: Assets/Sprites/eatable2/eatable2-002.png
  artifactKey: Guid(7797e93e3a5c247599d01e1928898b75) Importer(815301076,1909f56bfc062723c751e8b465ee728b)
Start importing Assets/Sprites/eatable2/eatable2-002.png using Guid(7797e93e3a5c247599d01e1928898b75) Importer(815301076,1909f56bfc062723c751e8b465ee728b)  -> (artifact id: 'e30e517d4e521e12eb57852aedc1798d') in 0.027397 seconds 
========================================================================
Received Import Request.
  Time since last request: 0.006586 seconds.
  path: Assets/TextMesh Pro/Resources/Style Sheets/Default Style Sheet.asset
  artifactKey: Guid(f952c082cb03451daed3ee968ac6c63e) Importer(815301076,1909f56bfc062723c751e8b465ee728b)
Start importing Assets/TextMesh Pro/Resources/Style Sheets/Default Style Sheet.asset using Guid(f952c082cb03451daed3ee968ac6c63e) Importer(815301076,1909f56bfc062723c751e8b465ee728b)  -> (artifact id: 'c72200549b97ff12ff44a36c3fabf96c') in 0.016936 seconds 
========================================================================
Received Import Request.
  Time since last request: 0.002564 seconds.
  path: Assets/Prefabs/BloodEffects.prefab
  artifactKey: Guid(74741b9e50aa344848846b396fa09ba4) Importer(815301076,1909f56bfc062723c751e8b465ee728b)
Start importing Assets/Prefabs/BloodEffects.prefab using Guid(74741b9e50aa344848846b396fa09ba4) Importer(815301076,1909f56bfc062723c751e8b465ee728b)  -> (artifact id: '629f074e243fd2694210664a8b080d1d') in 0.115672 seconds 
========================================================================
Received Import Request.
  Time since last request: 0.001663 seconds.
  path: Assets/Sprites/eatable2/eatable2-004.png
  artifactKey: Guid(da86b8787382d4c7bb5c5e4e21984d60) Importer(815301076,1909f56bfc062723c751e8b465ee728b)
Start importing Assets/Sprites/eatable2/eatable2-004.png using Guid(da86b8787382d4c7bb5c5e4e21984d60) Importer(815301076,1909f56bfc062723c751e8b465ee728b)  -> (artifact id: '76db69ed8f93d52a11070e7f2530d5a3') in 0.015148 seconds 
========================================================================
Received Import Request.
  Time since last request: 0.001902 seconds.
  path: Assets/Scripts/Runtime/PlayerController.cs
  artifactKey: Guid(0b472a07dc797420099cbd04f53369c6) Importer(815301076,1909f56bfc062723c751e8b465ee728b)
Start importing Assets/Scripts/Runtime/PlayerController.cs using Guid(0b472a07dc797420099cbd04f53369c6) Importer(815301076,1909f56bfc062723c751e8b465ee728b)  -> (artifact id: 'adcc650a56598ebb561ad9f6230d4408') in 0.001422 seconds 
========================================================================
Received Import Request.
  Time since last request: 0.014815 seconds.
  path: Assets/Sprites/Environment/Props/shelfEndCap-bloody.png
  artifactKey: Guid(b1982e99633fa400dbf59eaa9332fa90) Importer(815301076,1909f56bfc062723c751e8b465ee728b)
Start importing Assets/Sprites/Environment/Props/shelfEndCap-bloody.png using Guid(b1982e99633fa400dbf59eaa9332fa90) Importer(815301076,1909f56bfc062723c751e8b465ee728b)  -> (artifact id: '8a32377a2c78663c8a0ac3e1c2b33202') in 0.019072 seconds 
========================================================================
Received Import Request.
  Time since last request: 0.006508 seconds.
  path: Assets/Prefabs/Eatable3.prefab
  artifactKey: Guid(7ef6efb97c48d41f692c057f20781c0a) Importer(815301076,1909f56bfc062723c751e8b465ee728b)
Start importing Assets/Prefabs/Eatable3.prefab using Guid(7ef6efb97c48d41f692c057f20781c0a) Importer(815301076,1909f56bfc062723c751e8b465ee728b)  -> (artifact id: '473b53ba95b292edb91a184342447046') in 0.133596 seconds 
========================================================================
Received Import Request.
  Time since last request: 0.000068 seconds.
  path: Assets/Prefabs/Shelf-Long.prefab
  artifactKey: Guid(29b8a64a6fdaa419981e3302cca0a5e5) Importer(815301076,1909f56bfc062723c751e8b465ee728b)
Start importing Assets/Prefabs/Shelf-Long.prefab using Guid(29b8a64a6fdaa419981e3302cca0a5e5) Importer(815301076,1909f56bfc062723c751e8b465ee728b)  -> (artifact id: '2588a3ec85a2d12b40ab0717188e4fbb') in 0.013047 seconds 
========================================================================
Received Import Request.
  Time since last request: 0.019112 seconds.
  path: Assets/Sprites/Environment/GroceryLayout.psd
  artifactKey: Guid(076f7607cd89b4332bf41d6f96da2368) Importer(815301076,1909f56bfc062723c751e8b465ee728b)
Start importing Assets/Sprites/Environment/GroceryLayout.psd using Guid(076f7607cd89b4332bf41d6f96da2368) Importer(815301076,1909f56bfc062723c751e8b465ee728b)  -> (artifact id: '8b23396e48a25003b9ed5503a61a4fa8') in 0.045098 seconds 
========================================================================
Received Import Request.
  Time since last request: 0.004049 seconds.
  path: Assets/TextMesh Pro/Resources/Sprite Assets/EmojiOne.asset
  artifactKey: Guid(c41005c129ba4d66911b75229fd70b45) Importer(815301076,1909f56bfc062723c751e8b465ee728b)
Start importing Assets/TextMesh Pro/Resources/Sprite Assets/EmojiOne.asset using Guid(c41005c129ba4d66911b75229fd70b45) Importer(815301076,1909f56bfc062723c751e8b465ee728b)  -> (artifact id: '3950451084668360d05945240589cf11') in 0.010245 seconds 
========================================================================
Received Import Request.
  Time since last request: 0.001036 seconds.
  path: Assets/TextMesh Pro/Shaders/TMP_Sprite.shader
  artifactKey: Guid(cf81c85f95fe47e1a27f6ae460cf182c) Importer(815301076,1909f56bfc062723c751e8b465ee728b)
Start importing Assets/TextMesh Pro/Shaders/TMP_Sprite.shader using Guid(cf81c85f95fe47e1a27f6ae460cf182c) Importer(815301076,1909f56bfc062723c751e8b465ee728b)  -> (artifact id: '6f888abb7c6ddc7396044e8b8ec168fb') in 0.001999 seconds 
========================================================================
Received Import Request.
  Time since last request: 0.000869 seconds.
  path: Assets/TextMesh Pro/Sprites/EmojiOne Attribution.txt
  artifactKey: Guid(381dcb09d5029d14897e55f98031fca5) Importer(815301076,1909f56bfc062723c751e8b465ee728b)
Start importing Assets/TextMesh Pro/Sprites/EmojiOne Attribution.txt using Guid(381dcb09d5029d14897e55f98031fca5) Importer(815301076,1909f56bfc062723c751e8b465ee728b)  -> (artifact id: '0f71b2d21205dc6ff6abedf9e764a644') in 0.002411 seconds 
========================================================================
Received Import Request.
  Time since last request: 0.236904 seconds.
  path: Assets/Scripts/Runtime/ScriptableObjects/ZombieStageSO.cs
  artifactKey: Guid(f5cf0f52fe92449bbba71e2badd2629f) Importer(815301076,1909f56bfc062723c751e8b465ee728b)
Start importing Assets/Scripts/Runtime/ScriptableObjects/ZombieStageSO.cs using Guid(f5cf0f52fe92449bbba71e2badd2629f) Importer(815301076,1909f56bfc062723c751e8b465ee728b)  -> (artifact id: '0a25c7363886e2aaaefb6e9a357f34f4') in 0.001570 seconds 
========================================================================
Received Import Request.
  Time since last request: 0.001233 seconds.
  path: Assets/TextMesh Pro/Resources/Fonts & Materials/LiberationSans SDF - Outline.mat
  artifactKey: Guid(79459efec17a4d00a321bdcc27bbc385) Importer(815301076,1909f56bfc062723c751e8b465ee728b)
Start importing Assets/TextMesh Pro/Resources/Fonts & Materials/LiberationSans SDF - Outline.mat using Guid(79459efec17a4d00a321bdcc27bbc385) Importer(815301076,1909f56bfc062723c751e8b465ee728b)  -> (artifact id: '05528b29cb0fb04484b2b0b6b1292e66') in 0.129026 seconds 
========================================================================
Received Import Request.
  Time since last request: 0.003649 seconds.
  path: Assets/Scripts/Runtime/Managers/AudioManager.cs
  artifactKey: Guid(db8ffe6557ea34901a190710f8e49fa4) Importer(815301076,1909f56bfc062723c751e8b465ee728b)
Start importing Assets/Scripts/Runtime/Managers/AudioManager.cs using Guid(db8ffe6557ea34901a190710f8e49fa4) Importer(815301076,1909f56bfc062723c751e8b465ee728b)  -> (artifact id: '2e548490f05fb0d8470d34c4fb144a55') in 0.001606 seconds 
========================================================================
Received Import Request.
  Time since last request: 0.001432 seconds.
  path: Assets/Prefabs/CashRegister.prefab
  artifactKey: Guid(2b127f4627af644b9b9c9338e9ea01ee) Importer(815301076,1909f56bfc062723c751e8b465ee728b)
Start importing Assets/Prefabs/CashRegister.prefab using Guid(2b127f4627af644b9b9c9338e9ea01ee) Importer(815301076,1909f56bfc062723c751e8b465ee728b)  -> (artifact id: '8008c258bc1f00115278e4ec490d1cd5') in 0.011714 seconds 
========================================================================
Received Import Request.
  Time since last request: 0.005937 seconds.
  path: Assets/TextMesh Pro/Resources/Sprite Assets
  artifactKey: Guid(512a49d95c0c4332bdd98131869c23c9) Importer(815301076,1909f56bfc062723c751e8b465ee728b)
Start importing Assets/TextMesh Pro/Resources/Sprite Assets using Guid(512a49d95c0c4332bdd98131869c23c9) Importer(815301076,1909f56bfc062723c751e8b465ee728b)  -> (artifact id: '1dcb9dc3060b39f33c350934f5d461fd') in 0.000670 seconds 
========================================================================
Received Import Request.
  Time since last request: 0.003651 seconds.
  path: Assets/Scenes/Game.unity
  artifactKey: Guid(2cda990e2423bbf4892e6590ba056729) Importer(815301076,1909f56bfc062723c751e8b465ee728b)
Start importing Assets/Scenes/Game.unity using Guid(2cda990e2423bbf4892e6590ba056729) Importer(815301076,1909f56bfc062723c751e8b465ee728b)  -> (artifact id: '3aaccb2ca6a211aed28b918324442b64') in 0.003629 seconds 
========================================================================
Received Import Request.
  Time since last request: 0.001024 seconds.
  path: Assets/Scripts/Runtime/SoundEffect.cs
  artifactKey: Guid(96ae9a7f58aab4089bdb4b8c988a233d) Importer(815301076,1909f56bfc062723c751e8b465ee728b)
Start importing Assets/Scripts/Runtime/SoundEffect.cs using Guid(96ae9a7f58aab4089bdb4b8c988a233d) Importer(815301076,1909f56bfc062723c751e8b465ee728b)  -> (artifact id: '594d7b348ee1224154066b9c6cb30cbc') in 0.001875 seconds 
========================================================================
Received Import Request.
  Time since last request: 0.001495 seconds.
  path: Assets/Animations/Player/PlayerDie.anim
  artifactKey: Guid(11997df02dd4a433a8c693bb3fd7f5cb) Importer(815301076,1909f56bfc062723c751e8b465ee728b)
Start importing Assets/Animations/Player/PlayerDie.anim using Guid(11997df02dd4a433a8c693bb3fd7f5cb) Importer(815301076,1909f56bfc062723c751e8b465ee728b)  -> (artifact id: 'dcf035d022fce006aa78c07cce44dd42') in 0.002692 seconds 
========================================================================
Received Import Request.
  Time since last request: 0.006057 seconds.
  path: Assets/Sprites/Environment/Props/shelfFrontCap-clean.png
  artifactKey: Guid(8558a989102424adaa0fa8a692881fd5) Importer(815301076,1909f56bfc062723c751e8b465ee728b)
Start importing Assets/Sprites/Environment/Props/shelfFrontCap-clean.png using Guid(8558a989102424adaa0fa8a692881fd5) Importer(815301076,1909f56bfc062723c751e8b465ee728b)  -> (artifact id: 'aa55c5e0f21d570939b68acb1e95a068') in 0.009284 seconds 
========================================================================
Received Import Request.
  Time since last request: 0.002464 seconds.
  path: Assets/TextMesh Pro/Shaders/TMP_SDF Overlay.shader
  artifactKey: Guid(dd89cf5b9246416f84610a006f916af7) Importer(815301076,1909f56bfc062723c751e8b465ee728b)
Start importing Assets/TextMesh Pro/Shaders/TMP_SDF Overlay.shader using Guid(dd89cf5b9246416f84610a006f916af7) Importer(815301076,1909f56bfc062723c751e8b465ee728b)  -> (artifact id: 'b2bbdc729424fff1703338cd8f54a344') in 0.002834 seconds 
========================================================================
Received Import Request.
  Time since last request: 0.002433 seconds.
  path: Assets/TextMesh Pro/Sprites/EmojiOne.png
  artifactKey: Guid(dffef66376be4fa480fb02b19edbe903) Importer(815301076,1909f56bfc062723c751e8b465ee728b)
Start importing Assets/TextMesh Pro/Sprites/EmojiOne.png using Guid(dffef66376be4fa480fb02b19edbe903) Importer(815301076,1909f56bfc062723c751e8b465ee728b)  -> (artifact id: '8d694c671c37a84fd3a23c491fdcb6d6') in 0.013914 seconds 
========================================================================
Received Import Request.
  Time since last request: 0.006690 seconds.
  path: Assets/Sprites/Environment/Props/props.psd
  artifactKey: Guid(c849fc5cd6a254406929afa40865c087) Importer(815301076,1909f56bfc062723c751e8b465ee728b)
Start importing Assets/Sprites/Environment/Props/props.psd using Guid(c849fc5cd6a254406929afa40865c087) Importer(815301076,1909f56bfc062723c751e8b465ee728b)  -> (artifact id: 'bcbb17c6583205f185ca90ce5d7a880a') in 0.019805 seconds 
========================================================================
Received Import Request.
  Time since last request: 0.001597 seconds.
  path: Assets/Prefabs/Chairs&Table.prefab
  artifactKey: Guid(a84fca6d68fe2497c8d00ec026d83310) Importer(815301076,1909f56bfc062723c751e8b465ee728b)
Start importing Assets/Prefabs/Chairs&Table.prefab using Guid(a84fca6d68fe2497c8d00ec026d83310) Importer(815301076,1909f56bfc062723c751e8b465ee728b)  -> (artifact id: '8c46a2181185571b8502511955cec55f') in 0.014892 seconds 
========================================================================
Received Import Request.
  Time since last request: 0.008283 seconds.
  path: Assets/Sprites/Misc/blood-002.png
  artifactKey: Guid(858c087dc7dda49f297088e99b882e81) Importer(815301076,1909f56bfc062723c751e8b465ee728b)
Start importing Assets/Sprites/Misc/blood-002.png using Guid(858c087dc7dda49f297088e99b882e81) Importer(815301076,1909f56bfc062723c751e8b465ee728b)  -> (artifact id: '34b5d50007bcb7b21036b8c0cf4b4fdb') in 0.008819 seconds 
========================================================================
Received Import Request.
  Time since last request: 0.001546 seconds.
  path: Assets/Prefabs/Freezer.prefab
  artifactKey: Guid(dde52e0021d2d4ad98f506139c594369) Importer(815301076,1909f56bfc062723c751e8b465ee728b)
Start importing Assets/Prefabs/Freezer.prefab using Guid(dde52e0021d2d4ad98f506139c594369) Importer(815301076,1909f56bfc062723c751e8b465ee728b)  -> (artifact id: '47f3fee104318920693646ae7ef3292e') in 0.022023 seconds 
========================================================================
Received Import Request.
  Time since last request: 0.003563 seconds.
  path: Assets/Scripts/Runtime/Utils.cs
  artifactKey: Guid(26119bc57762a407da9a915f525968ba) Importer(815301076,1909f56bfc062723c751e8b465ee728b)
Start importing Assets/Scripts/Runtime/Utils.cs using Guid(26119bc57762a407da9a915f525968ba) Importer(815301076,1909f56bfc062723c751e8b465ee728b)  -> (artifact id: '5e51332c523bbb464b96c2b193f89af5') in 0.001651 seconds 
========================================================================
Received Import Request.
  Time since last request: 0.000550 seconds.
  path: Assets/Animations/Eatable1/Death 1.anim
  artifactKey: Guid(192fc9771fc9d468fa8af8fc520d92d0) Importer(815301076,1909f56bfc062723c751e8b465ee728b)
Start importing Assets/Animations/Eatable1/Death 1.anim using Guid(192fc9771fc9d468fa8af8fc520d92d0) Importer(815301076,1909f56bfc062723c751e8b465ee728b)  -> (artifact id: '675378b1dcc6064080ae47cf5c5114aa') in 0.002470 seconds 
========================================================================
Received Import Request.
  Time since last request: 0.004069 seconds.
  path: Assets/Sprites/eatable1/eatable1-002.png
  artifactKey: Guid(c1941904d4248469d9e2fb7fa27f9515) Importer(815301076,1909f56bfc062723c751e8b465ee728b)
Start importing Assets/Sprites/eatable1/eatable1-002.png using Guid(c1941904d4248469d9e2fb7fa27f9515) Importer(815301076,1909f56bfc062723c751e8b465ee728b)  -> (artifact id: '135f086b1a041f77f572a9823c7bd200') in 0.010069 seconds 
========================================================================
Received Import Request.
  Time since last request: 0.003098 seconds.
  path: Assets/Sprites/Misc/GameJamTitle2.png
  artifactKey: Guid(10d723f7658ff4c50a944602c19845da) Importer(815301076,1909f56bfc062723c751e8b465ee728b)
Start importing Assets/Sprites/Misc/GameJamTitle2.png using Guid(10d723f7658ff4c50a944602c19845da) Importer(815301076,1909f56bfc062723c751e8b465ee728b)  -> (artifact id: 'f16f854950ea6cf1324e0c552d18f6bc') in 0.211166 seconds 
========================================================================
Received Import Request.
  Time since last request: 0.010159 seconds.
  path: Assets/Sprites/Misc/blood-003.png
  artifactKey: Guid(be1202f5cd99b48adb43605e07922614) Importer(815301076,1909f56bfc062723c751e8b465ee728b)
Start importing Assets/Sprites/Misc/blood-003.png using Guid(be1202f5cd99b48adb43605e07922614) Importer(815301076,1909f56bfc062723c751e8b465ee728b)  -> (artifact id: 'ec67ce76a3914c7ba24639f91afe24d5') in 0.010091 seconds 
========================================================================
Received Import Request.
  Time since last request: 0.036421 seconds.
  path: Assets/Sprites/Misc/GameJamBG.png
  artifactKey: Guid(d27ea6a6c071f42879273cd55613ee9a) Importer(815301076,1909f56bfc062723c751e8b465ee728b)
Start importing Assets/Sprites/Misc/GameJamBG.png using Guid(d27ea6a6c071f42879273cd55613ee9a) Importer(815301076,1909f56bfc062723c751e8b465ee728b)  -> (artifact id: '43a08cb9e3a7c547e628d23f0f1ef2d6') in 0.272337 seconds 
========================================================================
Received Import Request.
  Time since last request: 0.004857 seconds.
  path: Assets/TextMesh Pro/Shaders/TMP_Bitmap-Mobile.shader
  artifactKey: Guid(1e3b057af24249748ff873be7fafee47) Importer(815301076,1909f56bfc062723c751e8b465ee728b)
Start importing Assets/TextMesh Pro/Shaders/TMP_Bitmap-Mobile.shader using Guid(1e3b057af24249748ff873be7fafee47) Importer(815301076,1909f56bfc062723c751e8b465ee728b)  -> (artifact id: 'ef9ca4e9acc9457d9e921f16cd251434') in 0.001934 seconds 
========================================================================
Received Import Request.
  Time since last request: 0.007102 seconds.
  path: Assets/TextMesh Pro/Shaders/TMP_SDF-Mobile Overlay.shader
  artifactKey: Guid(a02a7d8c237544f1962732b55a9aebf1) Importer(815301076,1909f56bfc062723c751e8b465ee728b)
Start importing Assets/TextMesh Pro/Shaders/TMP_SDF-Mobile Overlay.shader using Guid(a02a7d8c237544f1962732b55a9aebf1) Importer(815301076,1909f56bfc062723c751e8b465ee728b)  -> (artifact id: '4c0864e7d1d49bea6e3a4b9d1e0ef76f') in 0.001690 seconds 
========================================================================
Received Import Request.
  Time since last request: 0.011182 seconds.
  path: Assets/Sprites/eatable9.png
  artifactKey: Guid(c09ec1e29e5e04d8c9d933cfa32df006) Importer(815301076,1909f56bfc062723c751e8b465ee728b)
Start importing Assets/Sprites/eatable9.png using Guid(c09ec1e29e5e04d8c9d933cfa32df006) Importer(815301076,1909f56bfc062723c751e8b465ee728b)  -> (artifact id: 'dcd085d44e11802c69c1e8fc5071f336') in 0.013081 seconds 
========================================================================
Received Import Request.
  Time since last request: 0.276142 seconds.
  path: Assets/TextMesh Pro/Resources/LineBreaking Leading Characters.txt
  artifactKey: Guid(d82c1b31c7e74239bff1220585707d2b) Importer(815301076,1909f56bfc062723c751e8b465ee728b)
Start importing Assets/TextMesh Pro/Resources/LineBreaking Leading Characters.txt using Guid(d82c1b31c7e74239bff1220585707d2b) Importer(815301076,1909f56bfc062723c751e8b465ee728b)  -> (artifact id: 'b95b4c2a9b67a1b3b08a79aab403f964') in 0.002529 seconds 
========================================================================
Received Import Request.
  Time since last request: 0.001078 seconds.
  path: Assets/Animations/Player/PlayerZombieStart.anim
  artifactKey: Guid(3601e45b16c5842c98078daff0578103) Importer(815301076,1909f56bfc062723c751e8b465ee728b)
Start importing Assets/Animations/Player/PlayerZombieStart.anim using Guid(3601e45b16c5842c98078daff0578103) Importer(815301076,1909f56bfc062723c751e8b465ee728b)  -> (artifact id: 'd556915bd92ec4bf6bb2797a6d6a5609') in 0.002612 seconds 
========================================================================
Received Import Request.
  Time since last request: 0.001108 seconds.
  path: Assets/Prefabs/Player.prefab
  artifactKey: Guid(2f769c8bad3a249b09e654911e92cba7) Importer(815301076,1909f56bfc062723c751e8b465ee728b)
Start importing Assets/Prefabs/Player.prefab using Guid(2f769c8bad3a249b09e654911e92cba7) Importer(815301076,1909f56bfc062723c751e8b465ee728b)  -> (artifact id: 'ca48ee6c607536d832d8f696456f148b') in 0.042935 seconds 
========================================================================
Received Import Request.
  Time since last request: 0.001144 seconds.
  path: Assets/TextMesh Pro/Resources/Fonts & Materials/LiberationSans SDF - Drop Shadow.mat
  artifactKey: Guid(e73a58f6e2794ae7b1b7e50b7fb811b0) Importer(815301076,1909f56bfc062723c751e8b465ee728b)
Start importing Assets/TextMesh Pro/Resources/Fonts & Materials/LiberationSans SDF - Drop Shadow.mat using Guid(e73a58f6e2794ae7b1b7e50b7fb811b0) Importer(815301076,1909f56bfc062723c751e8b465ee728b)  -> (artifact id: '519382e2e0967f2a903d7e4d97b1308a') in 0.054617 seconds 
========================================================================
Received Import Request.
  Time since last request: 0.003620 seconds.
  path: Assets/Sprites/Environment/GroceryLayout-assets/GroceryLayout.png
  artifactKey: Guid(a77466df73f5e4f9d999a47554f69394) Importer(815301076,1909f56bfc062723c751e8b465ee728b)
Start importing Assets/Sprites/Environment/GroceryLayout-assets/GroceryLayout.png using Guid(a77466df73f5e4f9d999a47554f69394) Importer(815301076,1909f56bfc062723c751e8b465ee728b)  -> (artifact id: '77e84381572b1e8910c2d7942356eca1') in 0.057347 seconds 
========================================================================
Received Import Request.
  Time since last request: 0.019031 seconds.
  path: Assets/Scripts/Runtime/ScriptableObjects/SoundEffectSO.cs
  artifactKey: Guid(7ae4302ca195a4527990efa273f01785) Importer(815301076,1909f56bfc062723c751e8b465ee728b)
Start importing Assets/Scripts/Runtime/ScriptableObjects/SoundEffectSO.cs using Guid(7ae4302ca195a4527990efa273f01785) Importer(815301076,1909f56bfc062723c751e8b465ee728b)  -> (artifact id: '8ee9f6dc7883ff9007cec63fe432c7a9') in 0.002401 seconds 
========================================================================
Received Import Request.
  Time since last request: 0.001738 seconds.
  path: Assets/TextMesh Pro/Shaders/TMP_SDF SSD.shader
  artifactKey: Guid(14eb328de4b8eb245bb7cea29e4ac00b) Importer(815301076,1909f56bfc062723c751e8b465ee728b)
Start importing Assets/TextMesh Pro/Shaders/TMP_SDF SSD.shader using Guid(14eb328de4b8eb245bb7cea29e4ac00b) Importer(815301076,1909f56bfc062723c751e8b465ee728b)  -> (artifact id: '3baa76eee2943637e497fb95a1a1174e') in 0.002810 seconds 
========================================================================
Received Import Request.
  Time since last request: 0.000896 seconds.
  path: Assets/Animations/Controllers/EatableAC.controller
  artifactKey: Guid(7bea514c9b908422f9bd819e3bee74a5) Importer(815301076,1909f56bfc062723c751e8b465ee728b)
Start importing Assets/Animations/Controllers/EatableAC.controller using Guid(7bea514c9b908422f9bd819e3bee74a5) Importer(815301076,1909f56bfc062723c751e8b465ee728b)  -> (artifact id: '8cd82c1140eae13ada3505e068b277ca') in 0.106711 seconds 
========================================================================
Received Import Request.
  Time since last request: 0.001429 seconds.
  path: Assets/TextMesh Pro/Shaders/TMP_SDF.shader
  artifactKey: Guid(68e6db2ebdc24f95958faec2be5558d6) Importer(815301076,1909f56bfc062723c751e8b465ee728b)
Start importing Assets/TextMesh Pro/Shaders/TMP_SDF.shader using Guid(68e6db2ebdc24f95958faec2be5558d6) Importer(815301076,1909f56bfc062723c751e8b465ee728b)  -> (artifact id: '8c5bf53b470b97b9a16a01be3bcaccbc') in 0.002687 seconds 
========================================================================
Received Import Request.
  Time since last request: 0.011781 seconds.
  path: Assets/Sprites/eatable4.png
  artifactKey: Guid(04c4ec756cd084d00929ccd7fe3a566e) Importer(815301076,1909f56bfc062723c751e8b465ee728b)
Start importing Assets/Sprites/eatable4.png using Guid(04c4ec756cd084d00929ccd7fe3a566e) Importer(815301076,1909f56bfc062723c751e8b465ee728b)  -> (artifact id: 'f48b7a6747da9a9467b5ccc35d6f196a') in 0.019903 seconds 
========================================================================
Received Import Request.
  Time since last request: 0.008376 seconds.
  path: Assets/TextMesh Pro/Shaders/TMP_SDF-Mobile.shader
  artifactKey: Guid(fe393ace9b354375a9cb14cdbbc28be4) Importer(815301076,1909f56bfc062723c751e8b465ee728b)
Start importing Assets/TextMesh Pro/Shaders/TMP_SDF-Mobile.shader using Guid(fe393ace9b354375a9cb14cdbbc28be4) Importer(815301076,1909f56bfc062723c751e8b465ee728b)  -> (artifact id: '566f5d9e6a19553100b4b763bfdbd35e') in 0.001778 seconds 
========================================================================
Received Import Request.
  Time since last request: 0.012484 seconds.
  path: Assets/Prefabs/BloodPool.prefab
  artifactKey: Guid(131cb3830e74a4fc78a5fa0c921601fa) Importer(815301076,1909f56bfc062723c751e8b465ee728b)
Start importing Assets/Prefabs/BloodPool.prefab using Guid(131cb3830e74a4fc78a5fa0c921601fa) Importer(815301076,1909f56bfc062723c751e8b465ee728b)  -> (artifact id: '5df79553eb8044bf5207adb8d3ab569b') in 0.013959 seconds 
========================================================================
Received Import Request.
  Time since last request: 0.001926 seconds.
  path: Assets/Animations/Controllers/PlayerAC.controller
  artifactKey: Guid(457c66d187b8b40838d1a2151f962099) Importer(815301076,1909f56bfc062723c751e8b465ee728b)
Start importing Assets/Animations/Controllers/PlayerAC.controller using Guid(457c66d187b8b40838d1a2151f962099) Importer(815301076,1909f56bfc062723c751e8b465ee728b)  -> (artifact id: 'cbe1b72d332a2617af395f4df33c3cfa') in 0.003971 seconds 
========================================================================
Received Import Request.
  Time since last request: 0.004885 seconds.
  path: Assets/Sprites/Misc/blood-004.png
  artifactKey: Guid(bb93dd8a6985747deab5403a641f279c) Importer(815301076,1909f56bfc062723c751e8b465ee728b)
Start importing Assets/Sprites/Misc/blood-004.png using Guid(bb93dd8a6985747deab5403a641f279c) Importer(815301076,1909f56bfc062723c751e8b465ee728b)  -> (artifact id: '98ec3287b97abb173f3d4edc33ee8594') in 0.009846 seconds 
========================================================================
Received Import Request.
  Time since last request: 0.002844 seconds.
  path: Assets/TextMesh Pro/Shaders/TMP_Bitmap.shader
  artifactKey: Guid(128e987d567d4e2c824d754223b3f3b0) Importer(815301076,1909f56bfc062723c751e8b465ee728b)
Start importing Assets/TextMesh Pro/Shaders/TMP_Bitmap.shader using Guid(128e987d567d4e2c824d754223b3f3b0) Importer(815301076,1909f56bfc062723c751e8b465ee728b)  -> (artifact id: 'f5d6fa7c068063a5f5b8bb4107ff65bb') in 0.001900 seconds 
========================================================================
Received Import Request.
  Time since last request: 0.001157 seconds.
  path: Assets/TextMesh Pro/Shaders/TMP_SDF-Mobile SSD.shader
  artifactKey: Guid(c8d12adcee749c344b8117cf7c7eb912) Importer(815301076,1909f56bfc062723c751e8b465ee728b)
Start importing Assets/TextMesh Pro/Shaders/TMP_SDF-Mobile SSD.shader using Guid(c8d12adcee749c344b8117cf7c7eb912) Importer(815301076,1909f56bfc062723c751e8b465ee728b)  -> (artifact id: '87c363abc7f1214ec62b993ce9ed0dcc') in 0.002156 seconds 
========================================================================
Received Import Request.
  Time since last request: 0.007286 seconds.
  path: Assets/Sprites/eatable1/eatable1-001.png
  artifactKey: Guid(f9379a361df80410788b0717af754a6e) Importer(815301076,1909f56bfc062723c751e8b465ee728b)
Start importing Assets/Sprites/eatable1/eatable1-001.png using Guid(f9379a361df80410788b0717af754a6e) Importer(815301076,1909f56bfc062723c751e8b465ee728b)  -> (artifact id: '9f7a697699759e38afb1a4862653e5aa') in 0.009529 seconds 
========================================================================
Received Import Request.
  Time since last request: 0.004970 seconds.
  path: Assets/TextMesh Pro/Sprites/EmojiOne.json
  artifactKey: Guid(8f05276190cf498a8153f6cbe761d4e6) Importer(815301076,1909f56bfc062723c751e8b465ee728b)
Start importing Assets/TextMesh Pro/Sprites/EmojiOne.json using Guid(8f05276190cf498a8153f6cbe761d4e6) Importer(815301076,1909f56bfc062723c751e8b465ee728b)  -> (artifact id: '036dbd30c7d82b31d4c2f8acde9227e5') in 1.346279 seconds 
========================================================================
Received Import Request.
  Time since last request: 0.000862 seconds.
  path: Assets/Scripts/Runtime/Character.cs
  artifactKey: Guid(d35a0511265ef405cadc09d9e8d86f1f) Importer(815301076,1909f56bfc062723c751e8b465ee728b)
Start importing Assets/Scripts/Runtime/Character.cs using Guid(d35a0511265ef405cadc09d9e8d86f1f) Importer(815301076,1909f56bfc062723c751e8b465ee728b)  -> (artifact id: '072ff836b19433cc6e7ac51684bc1f01') in 0.002475 seconds 
========================================================================
Received Import Request.
  Time since last request: 0.000202 seconds.
  path: Assets/TextMesh Pro/Resources/Fonts & Materials
  artifactKey: Guid(731f1baa9d144a9897cb1d341c2092b8) Importer(815301076,1909f56bfc062723c751e8b465ee728b)
Start importing Assets/TextMesh Pro/Resources/Fonts & Materials using Guid(731f1baa9d144a9897cb1d341c2092b8) Importer(815301076,1909f56bfc062723c751e8b465ee728b)  -> (artifact id: 'a8a5343dd66316b9eb35bafbffda078a') in 0.000807 seconds 
========================================================================
Received Import Request.
  Time since last request: 0.041853 seconds.
  path: Assets/Scenes
  artifactKey: Guid(131a6b21c8605f84396be9f6751fb6e3) Importer(815301076,1909f56bfc062723c751e8b465ee728b)
Start importing Assets/Scenes using Guid(131a6b21c8605f84396be9f6751fb6e3) Importer(815301076,1909f56bfc062723c751e8b465ee728b)  -> (artifact id: '2c23e514d24f6b65fe96946cd87fc526') in 0.000730 seconds 
========================================================================
Received Import Request.
  Time since last request: 0.000936 seconds.
  path: Assets/TextMesh Pro/Shaders/TMP_SDF-Surface-Mobile.shader
  artifactKey: Guid(85187c2149c549c5b33f0cdb02836b17) Importer(815301076,1909f56bfc062723c751e8b465ee728b)
Start importing Assets/TextMesh Pro/Shaders/TMP_SDF-Surface-Mobile.shader using Guid(85187c2149c549c5b33f0cdb02836b17) Importer(815301076,1909f56bfc062723c751e8b465ee728b)  -> (artifact id: '6b419f25f0f685dc8d71f601e251d07b') in 0.002088 seconds 
========================================================================
Received Import Request.
  Time since last request: 0.000952 seconds.
  path: Assets/TextMesh Pro/Shaders/TMPro_Properties.cginc
  artifactKey: Guid(3997e2241185407d80309a82f9148466) Importer(815301076,1909f56bfc062723c751e8b465ee728b)
Start importing Assets/TextMesh Pro/Shaders/TMPro_Properties.cginc using Guid(3997e2241185407d80309a82f9148466) Importer(815301076,1909f56bfc062723c751e8b465ee728b)  -> (artifact id: '7506c69260bf7c1cdf33a8f62db534a1') in 0.002637 seconds 
========================================================================
Received Import Request.
  Time since last request: 0.006609 seconds.
  path: Assets/Prefabs/Eatable2.prefab
  artifactKey: Guid(671f24b446dff43329469ca34b286769) Importer(815301076,1909f56bfc062723c751e8b465ee728b)
Start importing Assets/Prefabs/Eatable2.prefab using Guid(671f24b446dff43329469ca34b286769) Importer(815301076,1909f56bfc062723c751e8b465ee728b)  -> (artifact id: '3ac1e56b03d892f72c2fae3e447c552c') in 0.024960 seconds 
========================================================================
Received Import Request.
  Time since last request: 0.031394 seconds.
  path: Assets/Sprites/eatable8.png
  artifactKey: Guid(2b2f466dbddcf41978e343a41c326ecf) Importer(815301076,1909f56bfc062723c751e8b465ee728b)
Start importing Assets/Sprites/eatable8.png using Guid(2b2f466dbddcf41978e343a41c326ecf) Importer(815301076,1909f56bfc062723c751e8b465ee728b)  -> (artifact id: '3a44594984334f6cdf43cdf2a3f7a6b1') in 0.013799 seconds 
========================================================================
Received Import Request.
  Time since last request: 0.000292 seconds.
  path: Assets/TextMesh Pro/Documentation
  artifactKey: Guid(8e7e8f5a82a3a134e91c54efd2274ea9) Importer(815301076,1909f56bfc062723c751e8b465ee728b)
Start importing Assets/TextMesh Pro/Documentation using Guid(8e7e8f5a82a3a134e91c54efd2274ea9) Importer(815301076,1909f56bfc062723c751e8b465ee728b)  -> (artifact id: 'dc497803c0650e980b81bcf651e18b86') in 0.001154 seconds 
========================================================================
Received Import Request.
  Time since last request: 0.001043 seconds.
  path: Assets/TextMesh Pro/Shaders/TMPro.cginc
  artifactKey: Guid(407bc68d299748449bbf7f48ee690f8d) Importer(815301076,1909f56bfc062723c751e8b465ee728b)
Start importing Assets/TextMesh Pro/Shaders/TMPro.cginc using Guid(407bc68d299748449bbf7f48ee690f8d) Importer(815301076,1909f56bfc062723c751e8b465ee728b)  -> (artifact id: '9166bc1abaeb281fc6783cc3fe76c458') in 0.002697 seconds 
========================================================================
Received Import Request.
  Time since last request: 0.001257 seconds.
  path: Assets/Prefabs/Eatable1.prefab
  artifactKey: Guid(b98a0b24ee7e2446c997328926bda08e) Importer(815301076,1909f56bfc062723c751e8b465ee728b)
Start importing Assets/Prefabs/Eatable1.prefab using Guid(b98a0b24ee7e2446c997328926bda08e) Importer(815301076,1909f56bfc062723c751e8b465ee728b)  -> (artifact id: '4e6ee72ed250722b94480ac2e9527eec') in 0.016252 seconds 
========================================================================
Received Import Request.
  Time since last request: 0.012042 seconds.
  path: Assets/Sprites/Environment/Props/groceries-001-clean.png
  artifactKey: Guid(53bb58cf75f9c4fcb97bf18108856a36) Importer(815301076,1909f56bfc062723c751e8b465ee728b)
Start importing Assets/Sprites/Environment/Props/groceries-001-clean.png using Guid(53bb58cf75f9c4fcb97bf18108856a36) Importer(815301076,1909f56bfc062723c751e8b465ee728b)  -> (artifact id: 'a7f58ab127b8b21e0129d8dc7b2cd2a5') in 0.011276 seconds 
========================================================================
Received Import Request.
  Time since last request: 0.014925 seconds.
  path: Assets/TextMesh Pro/Fonts/LiberationSans - OFL.txt
  artifactKey: Guid(6e59c59b81ab47f9b6ec5781fa725d2c) Importer(815301076,1909f56bfc062723c751e8b465ee728b)
Start importing Assets/TextMesh Pro/Fonts/LiberationSans - OFL.txt using Guid(6e59c59b81ab47f9b6ec5781fa725d2c) Importer(815301076,1909f56bfc062723c751e8b465ee728b)  -> (artifact id: '35ecb2fa8dd83b4749a13d0b14c984c2') in 0.002456 seconds 
========================================================================
Received Import Request.
  Time since last request: 0.000173 seconds.
  path: Assets/TextMesh Pro/Resources/Style Sheets
  artifactKey: Guid(4aecb92fff08436c8303b10eab8da368) Importer(815301076,1909f56bfc062723c751e8b465ee728b)
Start importing Assets/TextMesh Pro/Resources/Style Sheets using Guid(4aecb92fff08436c8303b10eab8da368) Importer(815301076,1909f56bfc062723c751e8b465ee728b)  -> (artifact id: 'fe342ddaeddc525a77e6f203ceeefc6a') in 0.001116 seconds 
========================================================================
Received Import Request.
  Time since last request: 0.005342 seconds.
  path: Assets/Animations/Shared/BloodPool.anim
  artifactKey: Guid(30d2e5cd8b6bd49d0a6f76b6c65536b1) Importer(815301076,1909f56bfc062723c751e8b465ee728b)
Start importing Assets/Animations/Shared/BloodPool.anim using Guid(30d2e5cd8b6bd49d0a6f76b6c65536b1) Importer(815301076,1909f56bfc062723c751e8b465ee728b)  -> (artifact id: '3ddbae50988dfd2063b48a33606397dd') in 0.002109 seconds 
========================================================================
Received Import Request.
  Time since last request: 0.002341 seconds.
  path: Assets/TextMesh Pro/Shaders/TMP_SDF-Mobile Masking.shader
  artifactKey: Guid(bc1ede39bf3643ee8e493720e4259791) Importer(815301076,1909f56bfc062723c751e8b465ee728b)
Start importing Assets/TextMesh Pro/Shaders/TMP_SDF-Mobile Masking.shader using Guid(bc1ede39bf3643ee8e493720e4259791) Importer(815301076,1909f56bfc062723c751e8b465ee728b)  -> (artifact id: '02fa8a8690a4025f880d2f58627ae21a') in 0.001939 seconds 
========================================================================
Received Import Request.
  Time since last request: 0.012483 seconds.
  path: Assets/Sprites/Environment/Props/groceries-end-bloody.png
  artifactKey: Guid(a332b86b123834f6ebca17b4d159ee41) Importer(815301076,1909f56bfc062723c751e8b465ee728b)
Start importing Assets/Sprites/Environment/Props/groceries-end-bloody.png using Guid(a332b86b123834f6ebca17b4d159ee41) Importer(815301076,1909f56bfc062723c751e8b465ee728b)  -> (artifact id: 'fbdadee247ec68e8bd3f211b246735ad') in 0.010586 seconds 
========================================================================
Received Import Request.
  Time since last request: 0.001686 seconds.
  path: Assets/TextMesh Pro/Shaders/TMPro_Mobile.cginc
  artifactKey: Guid(c334973cef89a9840b0b0c507e0377ab) Importer(815301076,1909f56bfc062723c751e8b465ee728b)
Start importing Assets/TextMesh Pro/Shaders/TMPro_Mobile.cginc using Guid(c334973cef89a9840b0b0c507e0377ab) Importer(815301076,1909f56bfc062723c751e8b465ee728b)  -> (artifact id: '89ec19a9bb5cbf8bdad0e1633e175a9e') in 0.002896 seconds 
========================================================================
Received Import Request.
  Time since last request: 0.002261 seconds.
  path: Assets/TextMesh Pro/Resources/Fonts & Materials/LiberationSans SDF - Fallback.asset
  artifactKey: Guid(2e498d1c8094910479dc3e1b768306a4) Importer(815301076,1909f56bfc062723c751e8b465ee728b)
Start importing Assets/TextMesh Pro/Resources/Fonts & Materials/LiberationSans SDF - Fallback.asset using Guid(2e498d1c8094910479dc3e1b768306a4) Importer(815301076,1909f56bfc062723c751e8b465ee728b)  -> (artifact id: '1399baaafacc37aa733a1c2ab0fc965d') in 0.055792 seconds 
========================================================================
Received Import Request.
  Time since last request: 0.030689 seconds.
  path: Assets/Sprites/Environment/Props/groceries-end-clean.png
  artifactKey: Guid(581aa18e32a8443c281fb99775bf96e7) Importer(815301076,1909f56bfc062723c751e8b465ee728b)
Start importing Assets/Sprites/Environment/Props/groceries-end-clean.png using Guid(581aa18e32a8443c281fb99775bf96e7) Importer(815301076,1909f56bfc062723c751e8b465ee728b)  -> (artifact id: '482110ee3fd9628003fd44c858371913') in 0.013066 seconds 
========================================================================
Received Import Request.
  Time since last request: 0.019951 seconds.
  path: Assets/TextMesh Pro/Shaders/TMP_SDF-Surface.shader
  artifactKey: Guid(f7ada0af4f174f0694ca6a487b8f543d) Importer(815301076,1909f56bfc062723c751e8b465ee728b)
Start importing Assets/TextMesh Pro/Shaders/TMP_SDF-Surface.shader using Guid(f7ada0af4f174f0694ca6a487b8f543d) Importer(815301076,1909f56bfc062723c751e8b465ee728b)  -> (artifact id: '7099fe77270873904cc9256c03b8384a') in 0.003109 seconds 
========================================================================
Received Import Request.
  Time since last request: 0.003389 seconds.
  path: Assets/Audio/ScriptableObjects/SoundEffects/SoundEffect_NumNum.asset
  artifactKey: Guid(3ed5b7adc67f7447fa8acde3197b792a) Importer(815301076,1909f56bfc062723c751e8b465ee728b)
Start importing Assets/Audio/ScriptableObjects/SoundEffects/SoundEffect_NumNum.asset using Guid(3ed5b7adc67f7447fa8acde3197b792a) Importer(815301076,1909f56bfc062723c751e8b465ee728b)  -> (artifact id: '2b82aae62f97ac24b115b5daf001bb37') in 0.038624 seconds 
========================================================================
Received Import Request.
  Time since last request: 0.015545 seconds.
  path: Assets/Sprites/eatable2/eatable2-003.png
  artifactKey: Guid(1612bfe0ac503413d967758753cad633) Importer(815301076,1909f56bfc062723c751e8b465ee728b)
Start importing Assets/Sprites/eatable2/eatable2-003.png using Guid(1612bfe0ac503413d967758753cad633) Importer(815301076,1909f56bfc062723c751e8b465ee728b)  -> (artifact id: '01e7b4a138a368d2f2611167a8bcb6e6') in 0.016841 seconds 
========================================================================
Received Import Request.
  Time since last request: 0.008335 seconds.
  path: Assets/Animations/Controllers/BloodAC.controller
  artifactKey: Guid(b34f7d77eb0894864a98be32f54e346c) Importer(815301076,1909f56bfc062723c751e8b465ee728b)
Start importing Assets/Animations/Controllers/BloodAC.controller using Guid(b34f7d77eb0894864a98be32f54e346c) Importer(815301076,1909f56bfc062723c751e8b465ee728b)  -> (artifact id: '843b763677c7b645021618ebb6279c29') in 0.003460 seconds 
========================================================================
Received Import Request.
  Time since last request: 0.008591 seconds.
  path: Assets/Sprites/eatable1/eatable1-004.png
  artifactKey: Guid(cbf19814acd254afebd7584dda803aef) Importer(815301076,1909f56bfc062723c751e8b465ee728b)
Start importing Assets/Sprites/eatable1/eatable1-004.png using Guid(cbf19814acd254afebd7584dda803aef) Importer(815301076,1909f56bfc062723c751e8b465ee728b)  -> (artifact id: 'b5e055f6a232021d66f7672d1b9ab1f8') in 0.011639 seconds 
========================================================================
Received Import Request.
  Time since last request: 0.011841 seconds.
  path: Assets/TextMesh Pro/Resources/TMP Settings.asset
  artifactKey: Guid(3f5b5dff67a942289a9defa416b206f3) Importer(815301076,1909f56bfc062723c751e8b465ee728b)
Start importing Assets/TextMesh Pro/Resources/TMP Settings.asset using Guid(3f5b5dff67a942289a9defa416b206f3) Importer(815301076,1909f56bfc062723c751e8b465ee728b)  -> (artifact id: '7d39d3b365ae06f4a5d582e5614ba55e') in 0.022221 seconds 
========================================================================
Received Import Request.
  Time since last request: 0.011042 seconds.
  path: Assets/TextMesh Pro/Sprites
  artifactKey: Guid(d0603b6d5186471b96c778c3949c7ce2) Importer(815301076,1909f56bfc062723c751e8b465ee728b)
Start importing Assets/TextMesh Pro/Sprites using Guid(d0603b6d5186471b96c778c3949c7ce2) Importer(815301076,1909f56bfc062723c751e8b465ee728b)  -> (artifact id: 'b27a52c99a9f8f9ac4f70e63a6bb6f32') in 0.001241 seconds 
========================================================================
Received Import Request.
  Time since last request: 0.004565 seconds.
  path: Assets/Scripts/Runtime/Bloodify.cs
  artifactKey: Guid(d6060d840c88c4ac79ad68499ae2e2c4) Importer(815301076,1909f56bfc062723c751e8b465ee728b)
Start importing Assets/Scripts/Runtime/Bloodify.cs using Guid(d6060d840c88c4ac79ad68499ae2e2c4) Importer(815301076,1909f56bfc062723c751e8b465ee728b)  -> (artifact id: '6adcf3a0008105b3d82ac5c42e0d6239') in 0.002414 seconds 
========================================================================
Received Import Request.
  Time since last request: 0.003922 seconds.
  path: Assets/Sprites/Environment/Props/shelfSection-clean.png
  artifactKey: Guid(db1be7e89b9e84522957ea58e6f82e4d) Importer(815301076,1909f56bfc062723c751e8b465ee728b)
Start importing Assets/Sprites/Environment/Props/shelfSection-clean.png using Guid(db1be7e89b9e84522957ea58e6f82e4d) Importer(815301076,1909f56bfc062723c751e8b465ee728b)  -> (artifact id: 'fd25171d2c28b21b0160c77388d7e463') in 0.012624 seconds 
========================================================================
Received Import Request.
  Time since last request: 0.008342 seconds.
  path: Assets/Sprites/eatable2/eatable2-001.png
  artifactKey: Guid(27459688556d5445e88ff9e884fb3477) Importer(815301076,1909f56bfc062723c751e8b465ee728b)
Start importing Assets/Sprites/eatable2/eatable2-001.png using Guid(27459688556d5445e88ff9e884fb3477) Importer(815301076,1909f56bfc062723c751e8b465ee728b)  -> (artifact id: '6bcefabb3c97ec195abe7dc6afc42148') in 0.010064 seconds 
========================================================================
Received Import Request.
  Time since last request: 0.015097 seconds.
  path: Assets/Sprites/eatable1/eatable1-003.png
  artifactKey: Guid(34901396188a14af78ff294079b629d7) Importer(815301076,1909f56bfc062723c751e8b465ee728b)
Start importing Assets/Sprites/eatable1/eatable1-003.png using Guid(34901396188a14af78ff294079b629d7) Importer(815301076,1909f56bfc062723c751e8b465ee728b)  -> (artifact id: '55ce4c7cc47eae399a83d754115fe935') in 0.010197 seconds 
========================================================================
Received Import Request.
  Time since last request: 0.008201 seconds.
  path: Assets/TextMesh Pro/Documentation/TextMesh Pro User Guide 2016.pdf
  artifactKey: Guid(1b8d251f9af63b746bf2f7ffe00ebb9b) Importer(815301076,1909f56bfc062723c751e8b465ee728b)
Start importing Assets/TextMesh Pro/Documentation/TextMesh Pro User Guide 2016.pdf using Guid(1b8d251f9af63b746bf2f7ffe00ebb9b) Importer(815301076,1909f56bfc062723c751e8b465ee728b)  -> (artifact id: '06d594f0f45c0070f56c2dd42a9bd84c') in 0.793672 seconds 
========================================================================
Received Import Request.
  Time since last request: 0.005844 seconds.
  path: Assets/Scripts/Runtime/Managers/UIManager.cs
  artifactKey: Guid(15d987bf6889148e4b5461a7b8b880b6) Importer(815301076,1909f56bfc062723c751e8b465ee728b)
Start importing Assets/Scripts/Runtime/Managers/UIManager.cs using Guid(15d987bf6889148e4b5461a7b8b880b6) Importer(815301076,1909f56bfc062723c751e8b465ee728b)  -> (artifact id: 'eb36ad4080b739d91aeb3cb66ff9f934') in 0.002658 seconds 
========================================================================
Received Import Request.
  Time since last request: 0.006064 seconds.
  path: Assets/Sprites/Environment/Props/tableChairs-bloody.png
  artifactKey: Guid(53c8d753c6d204349ae3453df45874b1) Importer(815301076,1909f56bfc062723c751e8b465ee728b)
Start importing Assets/Sprites/Environment/Props/tableChairs-bloody.png using Guid(53c8d753c6d204349ae3453df45874b1) Importer(815301076,1909f56bfc062723c751e8b465ee728b)  -> (artifact id: 'e8de5df1d2f80d6ae1c97aab9e89fa3b') in 0.020352 seconds 
========================================================================
Received Import Request.
  Time since last request: 0.005694 seconds.
  path: Assets/TextMesh Pro/Resources
  artifactKey: Guid(243e06394e614e5d99fab26083b707fa) Importer(815301076,1909f56bfc062723c751e8b465ee728b)
Start importing Assets/TextMesh Pro/Resources using Guid(243e06394e614e5d99fab26083b707fa) Importer(815301076,1909f56bfc062723c751e8b465ee728b)  -> (artifact id: '73107d1020a62e3def86c468d2a05456') in 0.001907 seconds 
========================================================================
Received Import Request.
  Time since last request: 0.011243 seconds.
  path: Assets/Animations/Controllers/TitleUIAC.controller
  artifactKey: Guid(eddd5c9e1d7014db3b0023a2331b1bd6) Importer(815301076,1909f56bfc062723c751e8b465ee728b)
Start importing Assets/Animations/Controllers/TitleUIAC.controller using Guid(eddd5c9e1d7014db3b0023a2331b1bd6) Importer(815301076,1909f56bfc062723c751e8b465ee728b)  -> (artifact id: '47e9198f428e64f9c140e036ce9c5942') in 0.005201 seconds 
========================================================================
Received Import Request.
  Time since last request: 0.042826 seconds.
  path: Assets/Sprites/Environment/Props/cashRegister-bloody.png
  artifactKey: Guid(0f2641416fdc4488ba174d4c957de522) Importer(815301076,1909f56bfc062723c751e8b465ee728b)
Start importing Assets/Sprites/Environment/Props/cashRegister-bloody.png using Guid(0f2641416fdc4488ba174d4c957de522) Importer(815301076,1909f56bfc062723c751e8b465ee728b)  -> (artifact id: '56607ab1a46b3105757bf1e1f887e363') in 0.019375 seconds 
========================================================================
Received Import Request.
  Time since last request: 0.014592 seconds.
  path: Assets/TextMesh Pro/Fonts/LiberationSans.ttf
  artifactKey: Guid(e3265ab4bf004d28a9537516768c1c75) Importer(815301076,1909f56bfc062723c751e8b465ee728b)
Start importing Assets/TextMesh Pro/Fonts/LiberationSans.ttf using Guid(e3265ab4bf004d28a9537516768c1c75) Importer(815301076,1909f56bfc062723c751e8b465ee728b)  -> (artifact id: '3aa38c98bfb4b46681050c9a3dc801be') in 1.812977 seconds 
========================================================================
Received Prepare
Registering precompiled user dll's ...
Registered in 0.002327 seconds.
Begin MonoManager ReloadAssembly
Native extension for WindowsStandalone target not found
Native extension for OSXStandalone target not found
Native extension for WebGL target not found
Refreshing native plugins compatible for Editor in 0.74 ms, found 2 plugins.
Preloading 0 native plugins for Editor in 0.00 ms.
Mono: successfully reloaded assembly
- Completed reload, in  1.240 seconds
Domain Reload Profiling:
	ReloadAssembly (1242ms)
		BeginReloadAssembly (248ms)
			ExecutionOrderSort (0ms)
			DisableScriptedObjects (21ms)
			BackupInstance (0ms)
			ReleaseScriptingObjects (0ms)
			CreateAndSetChildDomain (115ms)
		EndReloadAssembly (870ms)
			LoadAssemblies (87ms)
			RebuildTransferFunctionScriptingTraits (0ms)
			SetupTypeCache (278ms)
			ReleaseScriptCaches (1ms)
			RebuildScriptCaches (61ms)
			SetupLoadedEditorAssemblies (393ms)
				LogAssemblyErrors (0ms)
				InitializePlatformSupportModulesInManaged (14ms)
				SetLoadedEditorAssemblies (1ms)
				RefreshPlugins (1ms)
				BeforeProcessingInitializeOnLoad (55ms)
				ProcessInitializeOnLoadAttributes (279ms)
				ProcessInitializeOnLoadMethodAttributes (42ms)
				AfterProcessingInitializeOnLoad (1ms)
				EditorAssembliesLoaded (0ms)
			ExecutionOrderSort2 (0ms)
			AwakeInstancesAfterBackupRestoration (10ms)
Platform modules already initialized, skipping
Refreshing native plugins compatible for Editor in 2.46 ms, found 2 plugins.
Preloading 0 native plugins for Editor in 0.00 ms.
Unloading 2463 Unused Serialized files (Serialized files now loaded: 0)
Unloading 24 unused Assets / (248.4 KB). Loaded Objects now: 3140.
Memory consumption went from 284.5 MB to 284.2 MB.
Total: 5.076722 ms (FindLiveObjects: 0.795561 ms CreateObjectMapping: 0.121338 ms MarkObjects: 3.983914 ms  DeleteObjects: 0.174420 ms)

AssetImportParameters requested are different than current active one (requested -> active):
  custom:video-decoder-ogg-theora: a1e56fd34408186e4bbccfd4996cb3dc -> 
  custom:container-muxer-webm: aa71ff27fc2769a1b78a27578f13a17b -> 
  custom:container-demuxer-webm: 4f35f7cbe854078d1ac9338744f61a02 -> 
  custom:video-encoder-webm-vp8: eb34c28f22e8b96e1ab97ce403110664 -> 
  custom:framework-osx-AVFoundation: e770b220cccbd017edd2c1fefb359320 -> 
  custom:audio-encoder-webm-vorbis: bf7c407c2cedff20999df2af8eb42d56 -> 
  custom:container-demuxer-ogg: 62fdf1f143b41e24485cea50d1cbac27 -> 
  custom:video-decoder-webm-vp8: 9c59270c3fd7afecdb556c50c9e8de78 -> 
  custom:audio-decoder-ogg-vorbis: bf7c407c2cedff20999df2af8eb42d56 -> 
========================================================================
Received Import Request.
  Time since last request: 1442.850480 seconds.
  path: Assets/Textures
  artifactKey: Guid(4ecd133acf2ed442d972989a7be928a0) Importer(815301076,1909f56bfc062723c751e8b465ee728b)
Start importing Assets/Textures using Guid(4ecd133acf2ed442d972989a7be928a0) Importer(815301076,1909f56bfc062723c751e8b465ee728b)  -> (artifact id: '17e3432f2c9f8cedfb7fbbeb2856d5a4') in 0.007165 seconds 
========================================================================
Received Import Request.
  Time since last request: 11.624739 seconds.
  path: Assets/_Sprites
  artifactKey: Guid(092c187fffd6f47329f6b047a6bcb109) Importer(815301076,1909f56bfc062723c751e8b465ee728b)
Start importing Assets/_Sprites using Guid(092c187fffd6f47329f6b047a6bcb109) Importer(815301076,1909f56bfc062723c751e8b465ee728b)  -> (artifact id: '7d626dc4bc4b554973e1a49689dc4aa9') in 0.001779 seconds 
========================================================================
Received Import Request.
  Time since last request: 3.834743 seconds.
  path: Assets/Sprites
  artifactKey: Guid(4ecd133acf2ed442d972989a7be928a0) Importer(815301076,1909f56bfc062723c751e8b465ee728b)
Start importing Assets/Sprites using Guid(4ecd133acf2ed442d972989a7be928a0) Importer(815301076,1909f56bfc062723c751e8b465ee728b)  -> (artifact id: '20ed2279faa6ed391844aab65c16b4f5') in 0.000745 seconds 
